Unity Editor version:    2022.3.13f1 (5f90a5ebde0f)
Branch:                  2022.3/staging
Build type:              Release
Batch mode:              YES
macOS version:           Version 14.2.1 (Build 23C71)
Darwin version:          23.2.0
Architecture:            arm64
Running under Rosetta:   NO
Available memory:        16384 MB
Using pre-set license
Pro License: YES

COMMAND LINE ARGUMENTS:
/Applications/Unity/Hub/Editor/2022.3.13f1/Unity.app/Contents/MacOS/Unity
-adb2
-batchMode
-noUpm
-name
AssetImportWorker2
-projectPath
/Users/amelieploil/BigProj
-logFile
Logs/AssetImportWorker2.log
-srvPort
49498
Successfully changed project path to: /Users/amelieploil/BigProj
/Users/amelieploil/BigProj
[UnityMemory] Configuration Parameters - Can be set up in boot.config
    "memorysetup-bucket-allocator-granularity=16"
    "memorysetup-bucket-allocator-bucket-count=8"
    "memorysetup-bucket-allocator-block-size=33554432"
    "memorysetup-bucket-allocator-block-count=8"
    "memorysetup-main-allocator-block-size=16777216"
    "memorysetup-thread-allocator-block-size=16777216"
    "memorysetup-gfx-main-allocator-block-size=16777216"
    "memorysetup-gfx-thread-allocator-block-size=16777216"
    "memorysetup-cache-allocator-block-size=4194304"
    "memorysetup-typetree-allocator-block-size=2097152"
    "memorysetup-profiler-bucket-allocator-granularity=16"
    "memorysetup-profiler-bucket-allocator-bucket-count=8"
    "memorysetup-profiler-bucket-allocator-block-size=33554432"
    "memorysetup-profiler-bucket-allocator-block-count=8"
    "memorysetup-profiler-allocator-block-size=16777216"
    "memorysetup-profiler-editor-allocator-block-size=1048576"
    "memorysetup-temp-allocator-size-main=16777216"
    "memorysetup-job-temp-allocator-block-size=2097152"
    "memorysetup-job-temp-allocator-block-size-background=1048576"
    "memorysetup-job-temp-allocator-reduction-small-platforms=262144"
    "memorysetup-allocator-temp-initial-block-size-main=262144"
    "memorysetup-allocator-temp-initial-block-size-worker=262144"
    "memorysetup-temp-allocator-size-background-worker=32768"
    "memorysetup-temp-allocator-size-job-worker=262144"
    "memorysetup-temp-allocator-size-preload-manager=33554432"
    "memorysetup-temp-allocator-size-nav-mesh-worker=65536"
    "memorysetup-temp-allocator-size-audio-worker=65536"
    "memorysetup-temp-allocator-size-cloud-worker=32768"
    "memorysetup-temp-allocator-size-gi-baking-worker=262144"
    "memorysetup-temp-allocator-size-gfx=262144"
Player connection [8100745216] Host "[IP] 10.91.59.41 [Port] 0 [Flags] 2 [Guid] 681740104 [EditorId] 681740104 [Version] 1048832 [Id] OSXEditor(0,Amelies-MacBook-Air.local) [Debug] 1 [PackageName] OSXEditor [ProjectName] Editor" joined multi-casting on [225.0.0.222:54997]...

Player connection [8100745216] Host "[IP] 10.91.59.41 [Port] 0 [Flags] 2 [Guid] 681740104 [EditorId] 681740104 [Version] 1048832 [Id] OSXEditor(0,Amelies-MacBook-Air.local) [Debug] 1 [PackageName] OSXEditor [ProjectName] Editor" joined alternative multi-casting on [225.0.0.222:34997]...

[Physics::Module] Initialized MultithreadedJobDispatcher with 7 workers.
Refreshing native plugins compatible for Editor in 6.58 ms, found 2 plugins.
Preloading 0 native plugins for Editor in 0.00 ms.
Initialize engine version: 2022.3.13f1 (5f90a5ebde0f)
[Subsystems] Discovering subsystems at path /Applications/Unity/Hub/Editor/2022.3.13f1/Unity.app/Contents/Resources/UnitySubsystems
[Subsystems] Discovering subsystems at path /Users/amelieploil/BigProj/Assets
GfxDevice: creating device client; threaded=0; jobified=0
 preferred device: Apple M2 (high power)
Metal devices available: 1
0: Apple M2 (high power)
Using device Apple M2 (high power)
Initializing Metal device caps: Apple M2
Initialize mono
Mono path[0] = '/Applications/Unity/Hub/Editor/2022.3.13f1/Unity.app/Contents/Managed'
Mono path[1] = '/Applications/Unity/Hub/Editor/2022.3.13f1/Unity.app/Contents/MonoBleedingEdge/lib/mono/unityjit-macos'
Mono config path = '/Applications/Unity/Hub/Editor/2022.3.13f1/Unity.app/Contents/MonoBleedingEdge/etc'
Using monoOptions --debugger-agent=transport=dt_socket,embedding=1,server=y,suspend=n,address=127.0.0.1:56258
Begin MonoManager ReloadAssembly
Registering precompiled unity dll's ...
Register platform support module: /Applications/Unity/Hub/Editor/2022.3.13f1/PlaybackEngines/WebGLSupport/UnityEditor.WebGL.Extensions.dll
Register platform support module: /Applications/Unity/Hub/Editor/2022.3.13f1/Unity.app/Contents/PlaybackEngines/MacStandaloneSupport/UnityEditor.OSXStandalone.Extensions.dll
Registered in 0.000873 seconds.
- Loaded All Assemblies, in  0.219 seconds
Native extension for OSXStandalone target not found
Native extension for WebGL target not found
Mono: successfully reloaded assembly
- Finished resetting the current domain, in  0.138 seconds
Domain Reload Profiling: 358ms
	BeginReloadAssembly (63ms)
		ExecutionOrderSort (0ms)
		DisableScriptedObjects (0ms)
		BackupInstance (0ms)
		ReleaseScriptingObjects (0ms)
		CreateAndSetChildDomain (0ms)
	RebuildCommonClasses (26ms)
	RebuildNativeTypeToScriptingClass (10ms)
	initialDomainReloadingComplete (29ms)
	LoadAllAssembliesAndSetupDomain (91ms)
		LoadAssemblies (63ms)
		RebuildTransferFunctionScriptingTraits (0ms)
		AnalyzeDomain (90ms)
			TypeCache.Refresh (89ms)
				TypeCache.ScanAssembly (80ms)
			ScanForSourceGeneratedMonoScriptInfo (0ms)
			ResolveRequiredComponents (0ms)
	FinalizeReload (138ms)
		ReleaseScriptCaches (0ms)
		RebuildScriptCaches (0ms)
		SetupLoadedEditorAssemblies (103ms)
			LogAssemblyErrors (0ms)
			InitializePlatformSupportModulesInManaged (4ms)
			SetLoadedEditorAssemblies (3ms)
			RefreshPlugins (0ms)
			BeforeProcessingInitializeOnLoad (1ms)
			ProcessInitializeOnLoadAttributes (69ms)
			ProcessInitializeOnLoadMethodAttributes (25ms)
			AfterProcessingInitializeOnLoad (0ms)
			EditorAssembliesLoaded (0ms)
		ExecutionOrderSort2 (0ms)
		AwakeInstancesAfterBackupRestoration (0ms)
========================================================================
Worker process is ready to serve import requests
Begin MonoManager ReloadAssembly
- Loaded All Assemblies, in  0.441 seconds
Refreshing native plugins compatible for Editor in 0.84 ms, found 2 plugins.
Native extension for OSXStandalone target not found
Native extension for WebGL target not found
Package Manager log level set to [2]
[Package Manager] Server::EnsureServerProcessIsRunning -- launch failed, reason: Unity was launched with the -noUpm command-line argument
[Package Manager] UpmClient::Send -- Unable to send message (not connected to UPM process).
[Package Manager] Cannot connect to Unity Package Manager local server
Mono: successfully reloaded assembly
- Finished resetting the current domain, in  0.435 seconds
Domain Reload Profiling: 877ms
	BeginReloadAssembly (85ms)
		ExecutionOrderSort (0ms)
		DisableScriptedObjects (3ms)
		BackupInstance (0ms)
		ReleaseScriptingObjects (0ms)
		CreateAndSetChildDomain (15ms)
	RebuildCommonClasses (21ms)
	RebuildNativeTypeToScriptingClass (7ms)
	initialDomainReloadingComplete (20ms)
	LoadAllAssembliesAndSetupDomain (308ms)
		LoadAssemblies (222ms)
		RebuildTransferFunctionScriptingTraits (0ms)
		AnalyzeDomain (131ms)
			TypeCache.Refresh (111ms)
				TypeCache.ScanAssembly (97ms)
			ScanForSourceGeneratedMonoScriptInfo (11ms)
			ResolveRequiredComponents (7ms)
	FinalizeReload (436ms)
		ReleaseScriptCaches (0ms)
		RebuildScriptCaches (0ms)
		SetupLoadedEditorAssemblies (342ms)
			LogAssemblyErrors (0ms)
			InitializePlatformSupportModulesInManaged (2ms)
			SetLoadedEditorAssemblies (2ms)
			RefreshPlugins (0ms)
			BeforeProcessingInitializeOnLoad (35ms)
			ProcessInitializeOnLoadAttributes (235ms)
			ProcessInitializeOnLoadMethodAttributes (66ms)
			AfterProcessingInitializeOnLoad (1ms)
			EditorAssembliesLoaded (0ms)
		ExecutionOrderSort2 (0ms)
		AwakeInstancesAfterBackupRestoration (2ms)
Launching external process: /Applications/Unity/Hub/Editor/2022.3.13f1/Unity.app/Contents/Tools/UnityShaderCompiler
Launched and connected shader compiler UnityShaderCompiler after 0.05 seconds
Refreshing native plugins compatible for Editor in 0.80 ms, found 2 plugins.
Preloading 0 native plugins for Editor in 0.00 ms.
Unloading 5609 Unused Serialized files (Serialized files now loaded: 0)
Unloading 87 unused Assets / (0.5 MB). Loaded Objects now: 6076.
Memory consumption went from 245.9 MB to 245.4 MB.
Total: 2.738500 ms (FindLiveObjects: 0.161458 ms CreateObjectMapping: 0.098500 ms MarkObjects: 2.242333 ms  DeleteObjects: 0.235583 ms)

AssetImportParameters requested are different than current active one (requested -> active):
  custom:scripting/monoscript/fileName/ButterflySpawnArea.cs: dbd62ecbfbef1a5aa776448a92fe6f55 -> 7a4e85561a386efbc249c80fddf757cf
  custom:container-demuxer-ogg: 62fdf1f143b41e24485cea50d1cbac27 -> 
  custom:scripting/monoscript/fileName/GlobalObjectFogController.cs: 507f00e639c343e234415111f80085a8 -> facbd04e227607875732ae176343c57f
  custom:scripting/monoscript/fileName/HeightFogGUI.cs: 29f94219a62c8b0874bfb721810cfd5b -> aec4e17dd7701bb8d7e929756a4af25f
  custom:video-decoder-ogg-theora: a1e56fd34408186e4bbccfd4996cb3dc -> 
  custom:CustomObjectIndexerAttribute: a3ef5dd2817f97addfee359851a9dba5 -> 
  custom:scripting/monoscript/fileName/Readme.cs: 5aedf578fb2663036982fb7b05aaf325 -> 
  custom:container-demuxer-webm: 4f35f7cbe854078d1ac9338744f61a02 -> 
  custom:scripting/monoscript/fileName/CameraMovement.cs: 468f1deb05c5ceddee007d11aff467b8 -> 64482079f3854ff800450249a0a3172b
  custom:scripting/monoscript/fileName/BushLeafTrigger.cs: e1e4911a9ffdc85a03b6ad2db2dc4fe0 -> 2188b13a7274e71441831392b5326827
  custom:scripting/monoscript/fileName/ObjectFogControllerEditor.cs: b2bd4797a0607e5a934c246ae15459b1 -> 45ef3514a110b3a7b682b9c974e012b5
  custom:container-muxer-webm: aa71ff27fc2769a1b78a27578f13a17b -> 
  custom:scripting/monoscript/fileName/ReadmeEditor.cs: ff7ced1e41c1b99ddf5dfefc88f6bd50 -> 
  custom:video-decoder-webm-vp8: 9c59270c3fd7afecdb556c50c9e8de78 -> 
  custom:SearchIndexIgnoredProperties: e643bd26f0fe6173181afceb89e7c659 -> 
  custom:AudioImporter_EditorPlatform: 3918e3fc78b5a79bad01e8451be0beb8 -> 
  custom:framework-osx-AVFoundation: e770b220cccbd017edd2c1fefb359320 -> 
  custom:video-encoder-webm-vp8: eb34c28f22e8b96e1ab97ce403110664 -> 
  custom:audio-decoder-ogg-vorbis: bf7c407c2cedff20999df2af8eb42d56 -> 
  custom:scripting/monoscript/fileName/VegetationBendControl.cs: 65a869ef1db1c8384fd4f557be6dc1b6 -> bb07f9a25d480396c774961c20736811
  custom:scripting/monoscript/fileName/ObjectFogController.cs: b8d37926cd7f59533260d87831247213 -> 17cb631ed7335d4f970557980ac29b64
  custom:scripting/monoscript/fileName/WindControl.cs: acc6971a7bf6ad2ecac31b2a6cd9b154 -> f6b532fe4cf57c7f97c43e1601d3d227
  custom:scripting/monoscript/fileName/ExitGame.cs: 79b96a4182cb9efac1e81315977a22b8 -> e6a4ab58c698fe436e0bcee349939749
  custom:scripting/monoscript/fileName/ButterflySpawn.cs: d2556907404472bae9d436ec89571854 -> 4b3f63d3369d1d3252fec29e76a21225
  custom:scripting/monoscript/fileName/PlayerMovement.cs: 613e973f553be5859c2181a5d3c22ce5 -> f5dc59970968a639278b4df2ad95ce8d
  custom:scripting/monoscript/fileName/HeightFogGUI-LWRP.cs: 7308e6993e1378bd35a22c5df63e4f7b -> 54445ea16eb6fe57cc167f3c87d81279
  custom:audio-encoder-webm-vorbis: bf7c407c2cedff20999df2af8eb42d56 -> 
  custom:scripting/monoscript/fileName/GlobalObjectFogControllerEditor.cs: e283156ca16ee4c9ebd0ab6b901d98ea -> ecabf254299c2d861caf49b34a9951c4
========================================================================
Received Import Request.
  Time since last request: 28633.730470 seconds.
  path: Assets/src/Player/Movement/Movement.cs
  artifactKey: Guid(ff75f7a5fa10e4c03a1d3339dc5b73e8) Importer(815301076,1909f56bfc062723c751e8b465ee728b)
Start importing Assets/src/Player/Movement/Movement.cs using Guid(ff75f7a5fa10e4c03a1d3339dc5b73e8) Importer(815301076,1909f56bfc062723c751e8b465ee728b)  -> (artifact id: '63cb7d79de87576821adf92486d7fcfb') in 0.000902 seconds
Number of updated asset objects reloaded before import = 0
Number of asset objects unloaded after import = 0
========================================================================
Received Prepare
Begin MonoManager ReloadAssembly
Thread 0x2e1907000 may have been prematurely finalized
- Loaded All Assemblies, in  0.285 seconds
Refreshing native plugins compatible for Editor in 0.82 ms, found 2 plugins.
Native extension for OSXStandalone target not found
Native extension for WebGL target not found
[Package Manager] Server::EnsureServerProcessIsRunning -- launch failed, reason: Unity was launched with the -noUpm command-line argument
[Package Manager] UpmClient::Send -- Unable to send message (not connected to UPM process).
[Package Manager] Cannot connect to Unity Package Manager local server
Mono: successfully reloaded assembly
- Finished resetting the current domain, in  0.959 seconds
Domain Reload Profiling: 1244ms
	BeginReloadAssembly (98ms)
		ExecutionOrderSort (0ms)
		DisableScriptedObjects (3ms)
		BackupInstance (0ms)
		ReleaseScriptingObjects (0ms)
		CreateAndSetChildDomain (39ms)
	RebuildCommonClasses (21ms)
	RebuildNativeTypeToScriptingClass (8ms)
	initialDomainReloadingComplete (13ms)
	LoadAllAssembliesAndSetupDomain (145ms)
		LoadAssemblies (162ms)
		RebuildTransferFunctionScriptingTraits (0ms)
		AnalyzeDomain (15ms)
			TypeCache.Refresh (6ms)
				TypeCache.ScanAssembly (0ms)
			ScanForSourceGeneratedMonoScriptInfo (0ms)
			ResolveRequiredComponents (8ms)
	FinalizeReload (959ms)
		ReleaseScriptCaches (0ms)
		RebuildScriptCaches (0ms)
		SetupLoadedEditorAssemblies (290ms)
			LogAssemblyErrors (0ms)
			InitializePlatformSupportModulesInManaged (2ms)
			SetLoadedEditorAssemblies (2ms)
			RefreshPlugins (0ms)
			BeforeProcessingInitializeOnLoad (38ms)
			ProcessInitializeOnLoadAttributes (216ms)
			ProcessInitializeOnLoadMethodAttributes (31ms)
			AfterProcessingInitializeOnLoad (0ms)
			EditorAssembliesLoaded (0ms)
		ExecutionOrderSort2 (0ms)
		AwakeInstancesAfterBackupRestoration (7ms)
Refreshing native plugins compatible for Editor in 0.83 ms, found 2 plugins.
Preloading 0 native plugins for Editor in 0.00 ms.
Unloading 5432 Unused Serialized files (Serialized files now loaded: 0)
Unloading 44 unused Assets / (0.5 MB). Loaded Objects now: 6092.
Memory consumption went from 219.0 MB to 218.5 MB.
Total: 3.531791 ms (FindLiveObjects: 0.281000 ms CreateObjectMapping: 0.201125 ms MarkObjects: 2.778125 ms  DeleteObjects: 0.271125 ms)

Prepare: number of updated asset objects reloaded= 0
AssetImportParameters requested are different than current active one (requested -> active):
  custom:scripting/monoscript/fileName/ButterflySpawnArea.cs: dbd62ecbfbef1a5aa776448a92fe6f55 -> 7a4e85561a386efbc249c80fddf757cf
  custom:container-demuxer-ogg: 62fdf1f143b41e24485cea50d1cbac27 -> 
  custom:scripting/monoscript/fileName/GlobalObjectFogController.cs: 507f00e639c343e234415111f80085a8 -> facbd04e227607875732ae176343c57f
  custom:scripting/monoscript/fileName/HeightFogGUI.cs: 29f94219a62c8b0874bfb721810cfd5b -> aec4e17dd7701bb8d7e929756a4af25f
  custom:video-decoder-ogg-theora: a1e56fd34408186e4bbccfd4996cb3dc -> 
  custom:CustomObjectIndexerAttribute: a3ef5dd2817f97addfee359851a9dba5 -> 
  custom:scripting/monoscript/fileName/Readme.cs: 5aedf578fb2663036982fb7b05aaf325 -> 
  custom:container-demuxer-webm: 4f35f7cbe854078d1ac9338744f61a02 -> 
  custom:scripting/monoscript/fileName/CameraMovement.cs: 468f1deb05c5ceddee007d11aff467b8 -> 64482079f3854ff800450249a0a3172b
  custom:scripting/monoscript/fileName/BushLeafTrigger.cs: e1e4911a9ffdc85a03b6ad2db2dc4fe0 -> 2188b13a7274e71441831392b5326827
  custom:scripting/monoscript/fileName/ObjectFogControllerEditor.cs: b2bd4797a0607e5a934c246ae15459b1 -> 45ef3514a110b3a7b682b9c974e012b5
  custom:container-muxer-webm: aa71ff27fc2769a1b78a27578f13a17b -> 
  custom:scripting/monoscript/fileName/ReadmeEditor.cs: ff7ced1e41c1b99ddf5dfefc88f6bd50 -> 
  custom:video-decoder-webm-vp8: 9c59270c3fd7afecdb556c50c9e8de78 -> 
  custom:SearchIndexIgnoredProperties: e643bd26f0fe6173181afceb89e7c659 -> 
  custom:AudioImporter_EditorPlatform: 3918e3fc78b5a79bad01e8451be0beb8 -> 
  custom:framework-osx-AVFoundation: e770b220cccbd017edd2c1fefb359320 -> 
  custom:video-encoder-webm-vp8: eb34c28f22e8b96e1ab97ce403110664 -> 
  custom:audio-decoder-ogg-vorbis: bf7c407c2cedff20999df2af8eb42d56 -> 
  custom:scripting/monoscript/fileName/VegetationBendControl.cs: 65a869ef1db1c8384fd4f557be6dc1b6 -> bb07f9a25d480396c774961c20736811
  custom:scripting/monoscript/fileName/ObjectFogController.cs: b8d37926cd7f59533260d87831247213 -> 17cb631ed7335d4f970557980ac29b64
  custom:scripting/monoscript/fileName/WindControl.cs: acc6971a7bf6ad2ecac31b2a6cd9b154 -> f6b532fe4cf57c7f97c43e1601d3d227
  custom:scripting/monoscript/fileName/ExitGame.cs: 79b96a4182cb9efac1e81315977a22b8 -> e6a4ab58c698fe436e0bcee349939749
  custom:scripting/monoscript/fileName/ButterflySpawn.cs: d2556907404472bae9d436ec89571854 -> 4b3f63d3369d1d3252fec29e76a21225
  custom:scripting/monoscript/fileName/PlayerMovement.cs: 613e973f553be5859c2181a5d3c22ce5 -> f5dc59970968a639278b4df2ad95ce8d
  custom:scripting/monoscript/fileName/HeightFogGUI-LWRP.cs: 7308e6993e1378bd35a22c5df63e4f7b -> 54445ea16eb6fe57cc167f3c87d81279
  custom:audio-encoder-webm-vorbis: bf7c407c2cedff20999df2af8eb42d56 -> 
  custom:scripting/monoscript/fileName/GlobalObjectFogControllerEditor.cs: e283156ca16ee4c9ebd0ab6b901d98ea -> ecabf254299c2d861caf49b34a9951c4
========================================================================
Received Prepare
Begin MonoManager ReloadAssembly
Thread 0x16bbcb000 may have been prematurely finalized
- Loaded All Assemblies, in  0.228 seconds
Refreshing native plugins compatible for Editor in 0.68 ms, found 2 plugins.
Native extension for OSXStandalone target not found
Native extension for WebGL target not found
[Package Manager] Server::EnsureServerProcessIsRunning -- launch failed, reason: Unity was launched with the -noUpm command-line argument
[Package Manager] UpmClient::Send -- Unable to send message (not connected to UPM process).
[Package Manager] Cannot connect to Unity Package Manager local server
Mono: successfully reloaded assembly
- Finished resetting the current domain, in  0.495 seconds
Domain Reload Profiling: 724ms
	BeginReloadAssembly (80ms)
		ExecutionOrderSort (0ms)
		DisableScriptedObjects (2ms)
		BackupInstance (0ms)
		ReleaseScriptingObjects (0ms)
		CreateAndSetChildDomain (28ms)
	RebuildCommonClasses (21ms)
	RebuildNativeTypeToScriptingClass (8ms)
	initialDomainReloadingComplete (12ms)
	LoadAllAssembliesAndSetupDomain (108ms)
		LoadAssemblies (122ms)
		RebuildTransferFunctionScriptingTraits (0ms)
		AnalyzeDomain (15ms)
			TypeCache.Refresh (5ms)
				TypeCache.ScanAssembly (0ms)
			ScanForSourceGeneratedMonoScriptInfo (0ms)
			ResolveRequiredComponents (8ms)
	FinalizeReload (496ms)
		ReleaseScriptCaches (0ms)
		RebuildScriptCaches (0ms)
		SetupLoadedEditorAssemblies (283ms)
			LogAssemblyErrors (0ms)
			InitializePlatformSupportModulesInManaged (2ms)
			SetLoadedEditorAssemblies (2ms)
			RefreshPlugins (0ms)
			BeforeProcessingInitializeOnLoad (37ms)
			ProcessInitializeOnLoadAttributes (211ms)
			ProcessInitializeOnLoadMethodAttributes (29ms)
			AfterProcessingInitializeOnLoad (0ms)
			EditorAssembliesLoaded (0ms)
		ExecutionOrderSort2 (0ms)
		AwakeInstancesAfterBackupRestoration (7ms)
Refreshing native plugins compatible for Editor in 0.68 ms, found 2 plugins.
Preloading 0 native plugins for Editor in 0.00 ms.
Unloading 5432 Unused Serialized files (Serialized files now loaded: 0)
Unloading 44 unused Assets / (0.5 MB). Loaded Objects now: 6108.
Memory consumption went from 224.0 MB to 223.5 MB.
Total: 2.906625 ms (FindLiveObjects: 0.200208 ms CreateObjectMapping: 0.098958 ms MarkObjects: 2.403500 ms  DeleteObjects: 0.203375 ms)

Prepare: number of updated asset objects reloaded= 0
AssetImportParameters requested are different than current active one (requested -> active):
  custom:scripting/monoscript/fileName/ButterflySpawnArea.cs: dbd62ecbfbef1a5aa776448a92fe6f55 -> 7a4e85561a386efbc249c80fddf757cf
  custom:container-demuxer-ogg: 62fdf1f143b41e24485cea50d1cbac27 -> 
  custom:scripting/monoscript/fileName/GlobalObjectFogController.cs: 507f00e639c343e234415111f80085a8 -> facbd04e227607875732ae176343c57f
  custom:scripting/monoscript/fileName/HeightFogGUI.cs: 29f94219a62c8b0874bfb721810cfd5b -> aec4e17dd7701bb8d7e929756a4af25f
  custom:video-decoder-ogg-theora: a1e56fd34408186e4bbccfd4996cb3dc -> 
  custom:CustomObjectIndexerAttribute: a3ef5dd2817f97addfee359851a9dba5 -> 
  custom:scripting/monoscript/fileName/Readme.cs: 5aedf578fb2663036982fb7b05aaf325 -> 
  custom:container-demuxer-webm: 4f35f7cbe854078d1ac9338744f61a02 -> 
  custom:scripting/monoscript/fileName/CameraMovement.cs: 468f1deb05c5ceddee007d11aff467b8 -> 64482079f3854ff800450249a0a3172b
  custom:scripting/monoscript/fileName/BushLeafTrigger.cs: e1e4911a9ffdc85a03b6ad2db2dc4fe0 -> 2188b13a7274e71441831392b5326827
  custom:scripting/monoscript/fileName/ObjectFogControllerEditor.cs: b2bd4797a0607e5a934c246ae15459b1 -> 45ef3514a110b3a7b682b9c974e012b5
  custom:container-muxer-webm: aa71ff27fc2769a1b78a27578f13a17b -> 
  custom:scripting/monoscript/fileName/ReadmeEditor.cs: ff7ced1e41c1b99ddf5dfefc88f6bd50 -> 
  custom:video-decoder-webm-vp8: 9c59270c3fd7afecdb556c50c9e8de78 -> 
  custom:SearchIndexIgnoredProperties: e643bd26f0fe6173181afceb89e7c659 -> 
  custom:AudioImporter_EditorPlatform: 3918e3fc78b5a79bad01e8451be0beb8 -> 
  custom:framework-osx-AVFoundation: e770b220cccbd017edd2c1fefb359320 -> 
  custom:video-encoder-webm-vp8: eb34c28f22e8b96e1ab97ce403110664 -> 
  custom:audio-decoder-ogg-vorbis: bf7c407c2cedff20999df2af8eb42d56 -> 
  custom:scripting/monoscript/fileName/VegetationBendControl.cs: 65a869ef1db1c8384fd4f557be6dc1b6 -> bb07f9a25d480396c774961c20736811
  custom:scripting/monoscript/fileName/ObjectFogController.cs: b8d37926cd7f59533260d87831247213 -> 17cb631ed7335d4f970557980ac29b64
  custom:scripting/monoscript/fileName/WindControl.cs: acc6971a7bf6ad2ecac31b2a6cd9b154 -> f6b532fe4cf57c7f97c43e1601d3d227
  custom:scripting/monoscript/fileName/ExitGame.cs: 79b96a4182cb9efac1e81315977a22b8 -> e6a4ab58c698fe436e0bcee349939749
  custom:scripting/monoscript/fileName/ButterflySpawn.cs: d2556907404472bae9d436ec89571854 -> 4b3f63d3369d1d3252fec29e76a21225
  custom:scripting/monoscript/fileName/PlayerMovement.cs: 613e973f553be5859c2181a5d3c22ce5 -> f5dc59970968a639278b4df2ad95ce8d
  custom:scripting/monoscript/fileName/HeightFogGUI-LWRP.cs: 7308e6993e1378bd35a22c5df63e4f7b -> 54445ea16eb6fe57cc167f3c87d81279
  custom:audio-encoder-webm-vorbis: bf7c407c2cedff20999df2af8eb42d56 -> 
  custom:scripting/monoscript/fileName/GlobalObjectFogControllerEditor.cs: e283156ca16ee4c9ebd0ab6b901d98ea -> ecabf254299c2d861caf49b34a9951c4
========================================================================
Received Prepare
Begin MonoManager ReloadAssembly
Thread 0x16bbcb000 may have been prematurely finalized
- Loaded All Assemblies, in  0.226 seconds
Refreshing native plugins compatible for Editor in 0.85 ms, found 2 plugins.
Native extension for OSXStandalone target not found
Native extension for WebGL target not found
[Package Manager] Server::EnsureServerProcessIsRunning -- launch failed, reason: Unity was launched with the -noUpm command-line argument
[Package Manager] UpmClient::Send -- Unable to send message (not connected to UPM process).
[Package Manager] Cannot connect to Unity Package Manager local server
Mono: successfully reloaded assembly
- Finished resetting the current domain, in  0.494 seconds
Domain Reload Profiling: 721ms
	BeginReloadAssembly (80ms)
		ExecutionOrderSort (0ms)
		DisableScriptedObjects (2ms)
		BackupInstance (0ms)
		ReleaseScriptingObjects (0ms)
		CreateAndSetChildDomain (28ms)
	RebuildCommonClasses (21ms)
	RebuildNativeTypeToScriptingClass (8ms)
	initialDomainReloadingComplete (12ms)
	LoadAllAssembliesAndSetupDomain (105ms)
		LoadAssemblies (119ms)
		RebuildTransferFunctionScriptingTraits (0ms)
		AnalyzeDomain (14ms)
			TypeCache.Refresh (5ms)
				TypeCache.ScanAssembly (0ms)
			ScanForSourceGeneratedMonoScriptInfo (0ms)
			ResolveRequiredComponents (8ms)
	FinalizeReload (495ms)
		ReleaseScriptCaches (0ms)
		RebuildScriptCaches (0ms)
		SetupLoadedEditorAssemblies (282ms)
			LogAssemblyErrors (0ms)
			InitializePlatformSupportModulesInManaged (2ms)
			SetLoadedEditorAssemblies (2ms)
			RefreshPlugins (0ms)
			BeforeProcessingInitializeOnLoad (39ms)
			ProcessInitializeOnLoadAttributes (208ms)
			ProcessInitializeOnLoadMethodAttributes (30ms)
			AfterProcessingInitializeOnLoad (0ms)
			EditorAssembliesLoaded (0ms)
		ExecutionOrderSort2 (0ms)
		AwakeInstancesAfterBackupRestoration (7ms)
Refreshing native plugins compatible for Editor in 0.93 ms, found 2 plugins.
Preloading 0 native plugins for Editor in 0.00 ms.
Unloading 5432 Unused Serialized files (Serialized files now loaded: 0)
Unloading 44 unused Assets / (0.5 MB). Loaded Objects now: 6124.
Memory consumption went from 229.2 MB to 228.6 MB.
Total: 2.930459 ms (FindLiveObjects: 0.199750 ms CreateObjectMapping: 0.093667 ms MarkObjects: 2.427375 ms  DeleteObjects: 0.209125 ms)

Prepare: number of updated asset objects reloaded= 0
AssetImportParameters requested are different than current active one (requested -> active):
  custom:scripting/monoscript/fileName/ButterflySpawnArea.cs: dbd62ecbfbef1a5aa776448a92fe6f55 -> 7a4e85561a386efbc249c80fddf757cf
  custom:container-demuxer-ogg: 62fdf1f143b41e24485cea50d1cbac27 -> 
  custom:scripting/monoscript/fileName/GlobalObjectFogController.cs: 507f00e639c343e234415111f80085a8 -> facbd04e227607875732ae176343c57f
  custom:scripting/monoscript/fileName/HeightFogGUI.cs: 29f94219a62c8b0874bfb721810cfd5b -> aec4e17dd7701bb8d7e929756a4af25f
  custom:video-decoder-ogg-theora: a1e56fd34408186e4bbccfd4996cb3dc -> 
  custom:CustomObjectIndexerAttribute: a3ef5dd2817f97addfee359851a9dba5 -> 
  custom:scripting/monoscript/fileName/Readme.cs: 5aedf578fb2663036982fb7b05aaf325 -> 
  custom:container-demuxer-webm: 4f35f7cbe854078d1ac9338744f61a02 -> 
  custom:scripting/monoscript/fileName/CameraMovement.cs: 468f1deb05c5ceddee007d11aff467b8 -> 64482079f3854ff800450249a0a3172b
  custom:scripting/monoscript/fileName/BushLeafTrigger.cs: e1e4911a9ffdc85a03b6ad2db2dc4fe0 -> 2188b13a7274e71441831392b5326827
  custom:scripting/monoscript/fileName/ObjectFogControllerEditor.cs: b2bd4797a0607e5a934c246ae15459b1 -> 45ef3514a110b3a7b682b9c974e012b5
  custom:container-muxer-webm: aa71ff27fc2769a1b78a27578f13a17b -> 
  custom:scripting/monoscript/fileName/ReadmeEditor.cs: ff7ced1e41c1b99ddf5dfefc88f6bd50 -> 
  custom:video-decoder-webm-vp8: 9c59270c3fd7afecdb556c50c9e8de78 -> 
  custom:SearchIndexIgnoredProperties: e643bd26f0fe6173181afceb89e7c659 -> 
  custom:AudioImporter_EditorPlatform: 3918e3fc78b5a79bad01e8451be0beb8 -> 
  custom:framework-osx-AVFoundation: e770b220cccbd017edd2c1fefb359320 -> 
  custom:video-encoder-webm-vp8: eb34c28f22e8b96e1ab97ce403110664 -> 
  custom:audio-decoder-ogg-vorbis: bf7c407c2cedff20999df2af8eb42d56 -> 
  custom:scripting/monoscript/fileName/VegetationBendControl.cs: 65a869ef1db1c8384fd4f557be6dc1b6 -> bb07f9a25d480396c774961c20736811
  custom:scripting/monoscript/fileName/ObjectFogController.cs: b8d37926cd7f59533260d87831247213 -> 17cb631ed7335d4f970557980ac29b64
  custom:scripting/monoscript/fileName/WindControl.cs: acc6971a7bf6ad2ecac31b2a6cd9b154 -> f6b532fe4cf57c7f97c43e1601d3d227
  custom:scripting/monoscript/fileName/ExitGame.cs: 79b96a4182cb9efac1e81315977a22b8 -> e6a4ab58c698fe436e0bcee349939749
  custom:scripting/monoscript/fileName/ButterflySpawn.cs: d2556907404472bae9d436ec89571854 -> 4b3f63d3369d1d3252fec29e76a21225
  custom:scripting/monoscript/fileName/PlayerMovement.cs: 613e973f553be5859c2181a5d3c22ce5 -> f5dc59970968a639278b4df2ad95ce8d
  custom:scripting/monoscript/fileName/HeightFogGUI-LWRP.cs: 7308e6993e1378bd35a22c5df63e4f7b -> 54445ea16eb6fe57cc167f3c87d81279
  custom:audio-encoder-webm-vorbis: bf7c407c2cedff20999df2af8eb42d56 -> 
  custom:scripting/monoscript/fileName/GlobalObjectFogControllerEditor.cs: e283156ca16ee4c9ebd0ab6b901d98ea -> ecabf254299c2d861caf49b34a9951c4
========================================================================
Received Prepare
Begin MonoManager ReloadAssembly
Thread 0x16bbcb000 may have been prematurely finalized
- Loaded All Assemblies, in  0.228 seconds
Refreshing native plugins compatible for Editor in 0.67 ms, found 2 plugins.
Native extension for OSXStandalone target not found
Native extension for WebGL target not found
[Package Manager] Server::EnsureServerProcessIsRunning -- launch failed, reason: Unity was launched with the -noUpm command-line argument
[Package Manager] UpmClient::Send -- Unable to send message (not connected to UPM process).
[Package Manager] Cannot connect to Unity Package Manager local server
Mono: successfully reloaded assembly
- Finished resetting the current domain, in  0.496 seconds
Domain Reload Profiling: 724ms
	BeginReloadAssembly (79ms)
		ExecutionOrderSort (0ms)
		DisableScriptedObjects (2ms)
		BackupInstance (0ms)
		ReleaseScriptingObjects (0ms)
		CreateAndSetChildDomain (29ms)
	RebuildCommonClasses (21ms)
	RebuildNativeTypeToScriptingClass (8ms)
	initialDomainReloadingComplete (12ms)
	LoadAllAssembliesAndSetupDomain (108ms)
		LoadAssemblies (121ms)
		RebuildTransferFunctionScriptingTraits (0ms)
		AnalyzeDomain (14ms)
			TypeCache.Refresh (5ms)
				TypeCache.ScanAssembly (0ms)
			ScanForSourceGeneratedMonoScriptInfo (0ms)
			ResolveRequiredComponents (8ms)
	FinalizeReload (496ms)
		ReleaseScriptCaches (0ms)
		RebuildScriptCaches (0ms)
		SetupLoadedEditorAssemblies (284ms)
			LogAssemblyErrors (0ms)
			InitializePlatformSupportModulesInManaged (3ms)
			SetLoadedEditorAssemblies (2ms)
			RefreshPlugins (0ms)
			BeforeProcessingInitializeOnLoad (39ms)
			ProcessInitializeOnLoadAttributes (211ms)
			ProcessInitializeOnLoadMethodAttributes (29ms)
			AfterProcessingInitializeOnLoad (0ms)
			EditorAssembliesLoaded (0ms)
		ExecutionOrderSort2 (0ms)
		AwakeInstancesAfterBackupRestoration (7ms)
Refreshing native plugins compatible for Editor in 0.88 ms, found 2 plugins.
Preloading 0 native plugins for Editor in 0.00 ms.
Unloading 5432 Unused Serialized files (Serialized files now loaded: 0)
Unloading 44 unused Assets / (0.5 MB). Loaded Objects now: 6140.
Memory consumption went from 234.3 MB to 233.8 MB.
Total: 2.929209 ms (FindLiveObjects: 0.197292 ms CreateObjectMapping: 0.088875 ms MarkObjects: 2.427416 ms  DeleteObjects: 0.215000 ms)

Prepare: number of updated asset objects reloaded= 0
AssetImportParameters requested are different than current active one (requested -> active):
  custom:scripting/monoscript/fileName/ButterflySpawnArea.cs: dbd62ecbfbef1a5aa776448a92fe6f55 -> 7a4e85561a386efbc249c80fddf757cf
  custom:container-demuxer-ogg: 62fdf1f143b41e24485cea50d1cbac27 -> 
  custom:scripting/monoscript/fileName/GlobalObjectFogController.cs: 507f00e639c343e234415111f80085a8 -> facbd04e227607875732ae176343c57f
  custom:scripting/monoscript/fileName/HeightFogGUI.cs: 29f94219a62c8b0874bfb721810cfd5b -> aec4e17dd7701bb8d7e929756a4af25f
  custom:video-decoder-ogg-theora: a1e56fd34408186e4bbccfd4996cb3dc -> 
  custom:CustomObjectIndexerAttribute: a3ef5dd2817f97addfee359851a9dba5 -> 
  custom:scripting/monoscript/fileName/Readme.cs: 5aedf578fb2663036982fb7b05aaf325 -> 
  custom:container-demuxer-webm: 4f35f7cbe854078d1ac9338744f61a02 -> 
  custom:scripting/monoscript/fileName/CameraMovement.cs: 468f1deb05c5ceddee007d11aff467b8 -> 64482079f3854ff800450249a0a3172b
  custom:scripting/monoscript/fileName/BushLeafTrigger.cs: e1e4911a9ffdc85a03b6ad2db2dc4fe0 -> 2188b13a7274e71441831392b5326827
  custom:scripting/monoscript/fileName/ObjectFogControllerEditor.cs: b2bd4797a0607e5a934c246ae15459b1 -> 45ef3514a110b3a7b682b9c974e012b5
  custom:container-muxer-webm: aa71ff27fc2769a1b78a27578f13a17b -> 
  custom:scripting/monoscript/fileName/ReadmeEditor.cs: ff7ced1e41c1b99ddf5dfefc88f6bd50 -> 
  custom:video-decoder-webm-vp8: 9c59270c3fd7afecdb556c50c9e8de78 -> 
  custom:SearchIndexIgnoredProperties: e643bd26f0fe6173181afceb89e7c659 -> 
  custom:AudioImporter_EditorPlatform: 3918e3fc78b5a79bad01e8451be0beb8 -> 
  custom:framework-osx-AVFoundation: e770b220cccbd017edd2c1fefb359320 -> 
  custom:video-encoder-webm-vp8: eb34c28f22e8b96e1ab97ce403110664 -> 
  custom:audio-decoder-ogg-vorbis: bf7c407c2cedff20999df2af8eb42d56 -> 
  custom:scripting/monoscript/fileName/VegetationBendControl.cs: 65a869ef1db1c8384fd4f557be6dc1b6 -> bb07f9a25d480396c774961c20736811
  custom:scripting/monoscript/fileName/ObjectFogController.cs: b8d37926cd7f59533260d87831247213 -> 17cb631ed7335d4f970557980ac29b64
  custom:scripting/monoscript/fileName/WindControl.cs: acc6971a7bf6ad2ecac31b2a6cd9b154 -> f6b532fe4cf57c7f97c43e1601d3d227
  custom:scripting/monoscript/fileName/ExitGame.cs: 79b96a4182cb9efac1e81315977a22b8 -> e6a4ab58c698fe436e0bcee349939749
  custom:scripting/monoscript/fileName/ButterflySpawn.cs: d2556907404472bae9d436ec89571854 -> 4b3f63d3369d1d3252fec29e76a21225
  custom:scripting/monoscript/fileName/PlayerMovement.cs: 613e973f553be5859c2181a5d3c22ce5 -> f5dc59970968a639278b4df2ad95ce8d
  custom:scripting/monoscript/fileName/HeightFogGUI-LWRP.cs: 7308e6993e1378bd35a22c5df63e4f7b -> 54445ea16eb6fe57cc167f3c87d81279
  custom:audio-encoder-webm-vorbis: bf7c407c2cedff20999df2af8eb42d56 -> 
  custom:scripting/monoscript/fileName/GlobalObjectFogControllerEditor.cs: e283156ca16ee4c9ebd0ab6b901d98ea -> ecabf254299c2d861caf49b34a9951c4
========================================================================
Received Prepare
Begin MonoManager ReloadAssembly
Thread 0x16bbcb000 may have been prematurely finalized
- Loaded All Assemblies, in  0.226 seconds
Refreshing native plugins compatible for Editor in 0.68 ms, found 2 plugins.
Native extension for OSXStandalone target not found
Native extension for WebGL target not found
[Package Manager] Server::EnsureServerProcessIsRunning -- launch failed, reason: Unity was launched with the -noUpm command-line argument
[Package Manager] UpmClient::Send -- Unable to send message (not connected to UPM process).
[Package Manager] Cannot connect to Unity Package Manager local server
Mono: successfully reloaded assembly
- Finished resetting the current domain, in  0.492 seconds
Domain Reload Profiling: 718ms
	BeginReloadAssembly (80ms)
		ExecutionOrderSort (0ms)
		DisableScriptedObjects (2ms)
		BackupInstance (0ms)
		ReleaseScriptingObjects (0ms)
		CreateAndSetChildDomain (29ms)
	RebuildCommonClasses (21ms)
	RebuildNativeTypeToScriptingClass (8ms)
	initialDomainReloadingComplete (12ms)
	LoadAllAssembliesAndSetupDomain (106ms)
		LoadAssemblies (119ms)
		RebuildTransferFunctionScriptingTraits (0ms)
		AnalyzeDomain (15ms)
			TypeCache.Refresh (5ms)
				TypeCache.ScanAssembly (0ms)
			ScanForSourceGeneratedMonoScriptInfo (0ms)
			ResolveRequiredComponents (8ms)
	FinalizeReload (492ms)
		ReleaseScriptCaches (0ms)
		RebuildScriptCaches (0ms)
		SetupLoadedEditorAssemblies (278ms)
			LogAssemblyErrors (0ms)
			InitializePlatformSupportModulesInManaged (2ms)
			SetLoadedEditorAssemblies (2ms)
			RefreshPlugins (0ms)
			BeforeProcessingInitializeOnLoad (37ms)
			ProcessInitializeOnLoadAttributes (206ms)
			ProcessInitializeOnLoadMethodAttributes (30ms)
			AfterProcessingInitializeOnLoad (1ms)
			EditorAssembliesLoaded (0ms)
		ExecutionOrderSort2 (0ms)
		AwakeInstancesAfterBackupRestoration (8ms)
Refreshing native plugins compatible for Editor in 0.97 ms, found 2 plugins.
Preloading 0 native plugins for Editor in 0.00 ms.
Unloading 5432 Unused Serialized files (Serialized files now loaded: 0)
Unloading 44 unused Assets / (0.5 MB). Loaded Objects now: 6156.
Memory consumption went from 239.4 MB to 238.9 MB.
Total: 2.865792 ms (FindLiveObjects: 0.195375 ms CreateObjectMapping: 0.087750 ms MarkObjects: 2.368709 ms  DeleteObjects: 0.213375 ms)

Prepare: number of updated asset objects reloaded= 0
AssetImportParameters requested are different than current active one (requested -> active):
  custom:scripting/monoscript/fileName/ButterflySpawnArea.cs: dbd62ecbfbef1a5aa776448a92fe6f55 -> 7a4e85561a386efbc249c80fddf757cf
  custom:container-demuxer-ogg: 62fdf1f143b41e24485cea50d1cbac27 -> 
  custom:scripting/monoscript/fileName/GlobalObjectFogController.cs: 507f00e639c343e234415111f80085a8 -> facbd04e227607875732ae176343c57f
  custom:scripting/monoscript/fileName/HeightFogGUI.cs: 29f94219a62c8b0874bfb721810cfd5b -> aec4e17dd7701bb8d7e929756a4af25f
  custom:video-decoder-ogg-theora: a1e56fd34408186e4bbccfd4996cb3dc -> 
  custom:CustomObjectIndexerAttribute: a3ef5dd2817f97addfee359851a9dba5 -> 
  custom:scripting/monoscript/fileName/Readme.cs: 5aedf578fb2663036982fb7b05aaf325 -> 
  custom:container-demuxer-webm: 4f35f7cbe854078d1ac9338744f61a02 -> 
  custom:scripting/monoscript/fileName/CameraMovement.cs: 468f1deb05c5ceddee007d11aff467b8 -> 64482079f3854ff800450249a0a3172b
  custom:scripting/monoscript/fileName/BushLeafTrigger.cs: e1e4911a9ffdc85a03b6ad2db2dc4fe0 -> 2188b13a7274e71441831392b5326827
  custom:scripting/monoscript/fileName/ObjectFogControllerEditor.cs: b2bd4797a0607e5a934c246ae15459b1 -> 45ef3514a110b3a7b682b9c974e012b5
  custom:container-muxer-webm: aa71ff27fc2769a1b78a27578f13a17b -> 
  custom:scripting/monoscript/fileName/ReadmeEditor.cs: ff7ced1e41c1b99ddf5dfefc88f6bd50 -> 
  custom:video-decoder-webm-vp8: 9c59270c3fd7afecdb556c50c9e8de78 -> 
  custom:SearchIndexIgnoredProperties: e643bd26f0fe6173181afceb89e7c659 -> 
  custom:AudioImporter_EditorPlatform: 3918e3fc78b5a79bad01e8451be0beb8 -> 
  custom:framework-osx-AVFoundation: e770b220cccbd017edd2c1fefb359320 -> 
  custom:video-encoder-webm-vp8: eb34c28f22e8b96e1ab97ce403110664 -> 
  custom:audio-decoder-ogg-vorbis: bf7c407c2cedff20999df2af8eb42d56 -> 
  custom:scripting/monoscript/fileName/VegetationBendControl.cs: 65a869ef1db1c8384fd4f557be6dc1b6 -> bb07f9a25d480396c774961c20736811
  custom:scripting/monoscript/fileName/ObjectFogController.cs: b8d37926cd7f59533260d87831247213 -> 17cb631ed7335d4f970557980ac29b64
  custom:scripting/monoscript/fileName/WindControl.cs: acc6971a7bf6ad2ecac31b2a6cd9b154 -> f6b532fe4cf57c7f97c43e1601d3d227
  custom:scripting/monoscript/fileName/ExitGame.cs: 79b96a4182cb9efac1e81315977a22b8 -> e6a4ab58c698fe436e0bcee349939749
  custom:scripting/monoscript/fileName/ButterflySpawn.cs: d2556907404472bae9d436ec89571854 -> 4b3f63d3369d1d3252fec29e76a21225
  custom:scripting/monoscript/fileName/PlayerMovement.cs: 613e973f553be5859c2181a5d3c22ce5 -> f5dc59970968a639278b4df2ad95ce8d
  custom:scripting/monoscript/fileName/HeightFogGUI-LWRP.cs: 7308e6993e1378bd35a22c5df63e4f7b -> 54445ea16eb6fe57cc167f3c87d81279
  custom:audio-encoder-webm-vorbis: bf7c407c2cedff20999df2af8eb42d56 -> 
  custom:scripting/monoscript/fileName/GlobalObjectFogControllerEditor.cs: e283156ca16ee4c9ebd0ab6b901d98ea -> ecabf254299c2d861caf49b34a9951c4
========================================================================
Received Import Request.
  Time since last request: 1949.765596 seconds.
  path: Assets/Packs/Polytope Studio/Lowpoly_Village/Sources/Materials
  artifactKey: Guid(15516ce43a134df489bc4818fe4f56a0) Importer(815301076,1909f56bfc062723c751e8b465ee728b)
Start importing Assets/Packs/Polytope Studio/Lowpoly_Village/Sources/Materials using Guid(15516ce43a134df489bc4818fe4f56a0) Importer(815301076,1909f56bfc062723c751e8b465ee728b)  -> (artifact id: '429ff8bcaaf7e05f83cf195a9d42c34b') in 0.001430 seconds
Number of updated asset objects reloaded before import = 0
Number of asset objects unloaded after import = 0
========================================================================
Received Import Request.
  Time since last request: 0.346911 seconds.
  path: Assets/Packs/Polytope Studio/Lowpoly_Village/Sources/Meshes
  artifactKey: Guid(6250bab4ccf188c4d97251a33d790370) Importer(815301076,1909f56bfc062723c751e8b465ee728b)
Start importing Assets/Packs/Polytope Studio/Lowpoly_Village/Sources/Meshes using Guid(6250bab4ccf188c4d97251a33d790370) Importer(815301076,1909f56bfc062723c751e8b465ee728b)  -> (artifact id: 'e6a2171b0c94848ac6288d90ee8bf1c1') in 0.000379 seconds
Number of updated asset objects reloaded before import = 0
Number of asset objects unloaded after import = 0
========================================================================
Received Import Request.
  Time since last request: 4.012180 seconds.
  path: Assets/Packs/Polytope Studio/Lowpoly_Village/Prefabs/Modular/Fence/PT_Modular_Fence_Wood_03.prefab
  artifactKey: Guid(2c59246f075efff4eacdd481ad75421a) Importer(815301076,1909f56bfc062723c751e8b465ee728b)
Start importing Assets/Packs/Polytope Studio/Lowpoly_Village/Prefabs/Modular/Fence/PT_Modular_Fence_Wood_03.prefab using Guid(2c59246f075efff4eacdd481ad75421a) Importer(815301076,1909f56bfc062723c751e8b465ee728b)  -> (artifact id: '82e0c1fe50f8e13a8a83dff7e73372ea') in 0.218464 seconds
Number of updated asset objects reloaded before import = 0
Number of asset objects unloaded after import = 30
========================================================================
Received Import Request.
  Time since last request: 19.824110 seconds.
  path: Assets/Packs/Idyllic Fantasy Nature/Animations
  artifactKey: Guid(563db78405bddca4688ac30ca1fb6cfe) Importer(815301076,1909f56bfc062723c751e8b465ee728b)
Start importing Assets/Packs/Idyllic Fantasy Nature/Animations using Guid(563db78405bddca4688ac30ca1fb6cfe) Importer(815301076,1909f56bfc062723c751e8b465ee728b)  -> (artifact id: 'b459d3703999a5593577284834edc3d6') in 0.000400 seconds
Number of updated asset objects reloaded before import = 0
Number of asset objects unloaded after import = 0
========================================================================
Received Import Request.
  Time since last request: 2.753043 seconds.
  path: Assets/Packs/Idyllic Fantasy Nature/Materials
  artifactKey: Guid(9666cee45e21cb44cb62867069cbef91) Importer(815301076,1909f56bfc062723c751e8b465ee728b)
Start importing Assets/Packs/Idyllic Fantasy Nature/Materials using Guid(9666cee45e21cb44cb62867069cbef91) Importer(815301076,1909f56bfc062723c751e8b465ee728b)  -> (artifact id: '4a3867c737cb9caae1068c03b6dab031') in 0.000386 seconds
Number of updated asset objects reloaded before import = 0
Number of asset objects unloaded after import = 0
========================================================================
Received Import Request.
  Time since last request: 3.986020 seconds.
  path: Assets/Packs/Idyllic Fantasy Nature/Prefabs/Bush_01_01.prefab
  artifactKey: Guid(9af567e72a97f044297c5f8063f6a5f3) Importer(815301076,1909f56bfc062723c751e8b465ee728b)
Start importing Assets/Packs/Idyllic Fantasy Nature/Prefabs/Bush_01_01.prefab using Guid(9af567e72a97f044297c5f8063f6a5f3) Importer(815301076,1909f56bfc062723c751e8b465ee728b)  -> (artifact id: '46ae8a59c6ac1e74e2bed26deb0c1008') in 0.030078 seconds
Number of updated asset objects reloaded before import = 0
Number of asset objects unloaded after import = 33
========================================================================
Received Import Request.
  Time since last request: 0.000035 seconds.
  path: Assets/Packs/Idyllic Fantasy Nature/Prefabs/Bush_03_02.prefab
  artifactKey: Guid(c255a97f0f00f934fade030c353aff54) Importer(815301076,1909f56bfc062723c751e8b465ee728b)
Start importing Assets/Packs/Idyllic Fantasy Nature/Prefabs/Bush_03_02.prefab using Guid(c255a97f0f00f934fade030c353aff54) Importer(815301076,1909f56bfc062723c751e8b465ee728b)  -> (artifact id: 'd53faea6a0ff219d68687e34b9f8465f') in 0.007010 seconds
Number of updated asset objects reloaded before import = 0
Number of asset objects unloaded after import = 33
========================================================================
Received Import Request.
  Time since last request: 0.000033 seconds.
  path: Assets/Packs/Idyllic Fantasy Nature/Prefabs/Bush_03_01.prefab
  artifactKey: Guid(18665362feb1b494fbeda66c24a91d57) Importer(815301076,1909f56bfc062723c751e8b465ee728b)
Start importing Assets/Packs/Idyllic Fantasy Nature/Prefabs/Bush_03_01.prefab using Guid(18665362feb1b494fbeda66c24a91d57) Importer(815301076,1909f56bfc062723c751e8b465ee728b)  -> (artifact id: 'c8dbbf0962ec68993c00e002454c5c4d') in 0.007845 seconds
Number of updated asset objects reloaded before import = 0
Number of asset objects unloaded after import = 33
========================================================================
Received Import Request.
  Time since last request: 0.233343 seconds.
  path: Assets/Packs/Idyllic Fantasy Nature/Prefabs/ButterflySpawnArea.prefab
  artifactKey: Guid(a379fd3487a26444dbdc8de46d7bd572) Importer(815301076,1909f56bfc062723c751e8b465ee728b)
Start importing Assets/Packs/Idyllic Fantasy Nature/Prefabs/ButterflySpawnArea.prefab using Guid(a379fd3487a26444dbdc8de46d7bd572) Importer(815301076,1909f56bfc062723c751e8b465ee728b)  -> (artifact id: '0551bb21e2128526f8a2c8417d582c8f') in 0.059547 seconds
Number of updated asset objects reloaded before import = 0
Number of asset objects unloaded after import = 169
========================================================================
Received Prepare
Begin MonoManager ReloadAssembly
Thread 0x16bbcb000 may have been prematurely finalized
- Loaded All Assemblies, in  0.252 seconds
Refreshing native plugins compatible for Editor in 0.84 ms, found 2 plugins.
Native extension for OSXStandalone target not found
Native extension for WebGL target not found
[Package Manager] Server::EnsureServerProcessIsRunning -- launch failed, reason: Unity was launched with the -noUpm command-line argument
[Package Manager] UpmClient::Send -- Unable to send message (not connected to UPM process).
[Package Manager] Cannot connect to Unity Package Manager local server
Mono: successfully reloaded assembly
- Finished resetting the current domain, in  0.852 seconds
Domain Reload Profiling: 1103ms
	BeginReloadAssembly (88ms)
		ExecutionOrderSort (0ms)
		DisableScriptedObjects (5ms)
		BackupInstance (0ms)
		ReleaseScriptingObjects (0ms)
		CreateAndSetChildDomain (34ms)
	RebuildCommonClasses (21ms)
	RebuildNativeTypeToScriptingClass (8ms)
	initialDomainReloadingComplete (12ms)
	LoadAllAssembliesAndSetupDomain (123ms)
		LoadAssemblies (136ms)
		RebuildTransferFunctionScriptingTraits (0ms)
		AnalyzeDomain (14ms)
			TypeCache.Refresh (5ms)
				TypeCache.ScanAssembly (0ms)
			ScanForSourceGeneratedMonoScriptInfo (0ms)
			ResolveRequiredComponents (8ms)
	FinalizeReload (852ms)
		ReleaseScriptCaches (0ms)
		RebuildScriptCaches (0ms)
		SetupLoadedEditorAssemblies (279ms)
			LogAssemblyErrors (0ms)
			InitializePlatformSupportModulesInManaged (2ms)
			SetLoadedEditorAssemblies (2ms)
			RefreshPlugins (0ms)
			BeforeProcessingInitializeOnLoad (37ms)
			ProcessInitializeOnLoadAttributes (207ms)
			ProcessInitializeOnLoadMethodAttributes (30ms)
			AfterProcessingInitializeOnLoad (1ms)
			EditorAssembliesLoaded (0ms)
		ExecutionOrderSort2 (0ms)
		AwakeInstancesAfterBackupRestoration (8ms)
Refreshing native plugins compatible for Editor in 0.96 ms, found 2 plugins.
Preloading 0 native plugins for Editor in 0.00 ms.
Unloading 5432 Unused Serialized files (Serialized files now loaded: 0)
Unloading 44 unused Assets / (0.5 MB). Loaded Objects now: 6219.
Memory consumption went from 251.5 MB to 251.0 MB.
Total: 3.108334 ms (FindLiveObjects: 0.229625 ms CreateObjectMapping: 0.152417 ms MarkObjects: 2.492583 ms  DeleteObjects: 0.233209 ms)

Prepare: number of updated asset objects reloaded= 0
AssetImportParameters requested are different than current active one (requested -> active):
  custom:scripting/monoscript/fileName/ButterflySpawnArea.cs: dbd62ecbfbef1a5aa776448a92fe6f55 -> 7a4e85561a386efbc249c80fddf757cf
  custom:container-demuxer-ogg: 62fdf1f143b41e24485cea50d1cbac27 -> 
  custom:scripting/monoscript/fileName/GlobalObjectFogController.cs: 507f00e639c343e234415111f80085a8 -> facbd04e227607875732ae176343c57f
  custom:scripting/monoscript/fileName/HeightFogGUI.cs: 29f94219a62c8b0874bfb721810cfd5b -> aec4e17dd7701bb8d7e929756a4af25f
  custom:video-decoder-ogg-theora: a1e56fd34408186e4bbccfd4996cb3dc -> 
  custom:CustomObjectIndexerAttribute: a3ef5dd2817f97addfee359851a9dba5 -> 
  custom:scripting/monoscript/fileName/Readme.cs: 5aedf578fb2663036982fb7b05aaf325 -> 
  custom:container-demuxer-webm: 4f35f7cbe854078d1ac9338744f61a02 -> 
  custom:scripting/monoscript/fileName/CameraMovement.cs: 468f1deb05c5ceddee007d11aff467b8 -> 64482079f3854ff800450249a0a3172b
  custom:scripting/monoscript/fileName/BushLeafTrigger.cs: e1e4911a9ffdc85a03b6ad2db2dc4fe0 -> 2188b13a7274e71441831392b5326827
  custom:scripting/monoscript/fileName/ObjectFogControllerEditor.cs: b2bd4797a0607e5a934c246ae15459b1 -> 45ef3514a110b3a7b682b9c974e012b5
  custom:container-muxer-webm: aa71ff27fc2769a1b78a27578f13a17b -> 
  custom:scripting/monoscript/fileName/ReadmeEditor.cs: ff7ced1e41c1b99ddf5dfefc88f6bd50 -> 
  custom:video-decoder-webm-vp8: 9c59270c3fd7afecdb556c50c9e8de78 -> 
  custom:SearchIndexIgnoredProperties: e643bd26f0fe6173181afceb89e7c659 -> 
  custom:AudioImporter_EditorPlatform: 3918e3fc78b5a79bad01e8451be0beb8 -> 
  custom:framework-osx-AVFoundation: e770b220cccbd017edd2c1fefb359320 -> 
  custom:video-encoder-webm-vp8: eb34c28f22e8b96e1ab97ce403110664 -> 
  custom:audio-decoder-ogg-vorbis: bf7c407c2cedff20999df2af8eb42d56 -> 
  custom:scripting/monoscript/fileName/VegetationBendControl.cs: 65a869ef1db1c8384fd4f557be6dc1b6 -> bb07f9a25d480396c774961c20736811
  custom:scripting/monoscript/fileName/ObjectFogController.cs: b8d37926cd7f59533260d87831247213 -> 17cb631ed7335d4f970557980ac29b64
  custom:scripting/monoscript/fileName/WindControl.cs: acc6971a7bf6ad2ecac31b2a6cd9b154 -> f6b532fe4cf57c7f97c43e1601d3d227
  custom:scripting/monoscript/fileName/ExitGame.cs: 79b96a4182cb9efac1e81315977a22b8 -> e6a4ab58c698fe436e0bcee349939749
  custom:scripting/monoscript/fileName/ButterflySpawn.cs: d2556907404472bae9d436ec89571854 -> 4b3f63d3369d1d3252fec29e76a21225
  custom:scripting/monoscript/fileName/PlayerMovement.cs: 613e973f553be5859c2181a5d3c22ce5 -> f5dc59970968a639278b4df2ad95ce8d
  custom:scripting/monoscript/fileName/HeightFogGUI-LWRP.cs: 7308e6993e1378bd35a22c5df63e4f7b -> 54445ea16eb6fe57cc167f3c87d81279
  custom:audio-encoder-webm-vorbis: bf7c407c2cedff20999df2af8eb42d56 -> 
  custom:scripting/monoscript/fileName/GlobalObjectFogControllerEditor.cs: e283156ca16ee4c9ebd0ab6b901d98ea -> ecabf254299c2d861caf49b34a9951c4
========================================================================
Received Prepare
Begin MonoManager ReloadAssembly
Thread 0x16bbcb000 may have been prematurely finalized
- Loaded All Assemblies, in  0.397 seconds
Refreshing native plugins compatible for Editor in 0.85 ms, found 2 plugins.
Native extension for OSXStandalone target not found
Native extension for WebGL target not found
[Package Manager] Server::EnsureServerProcessIsRunning -- launch failed, reason: Unity was launched with the -noUpm command-line argument
[Package Manager] UpmClient::Send -- Unable to send message (not connected to UPM process).
[Package Manager] Cannot connect to Unity Package Manager local server
Mono: successfully reloaded assembly
- Finished resetting the current domain, in  1.021 seconds
Domain Reload Profiling: 1419ms
	BeginReloadAssembly (172ms)
		ExecutionOrderSort (0ms)
		DisableScriptedObjects (6ms)
		BackupInstance (0ms)
		ReleaseScriptingObjects (0ms)
		CreateAndSetChildDomain (60ms)
	RebuildCommonClasses (22ms)
	RebuildNativeTypeToScriptingClass (8ms)
	initialDomainReloadingComplete (13ms)
	LoadAllAssembliesAndSetupDomain (182ms)
		LoadAssemblies (239ms)
		RebuildTransferFunctionScriptingTraits (0ms)
		AnalyzeDomain (20ms)
			TypeCache.Refresh (8ms)
				TypeCache.ScanAssembly (0ms)
			ScanForSourceGeneratedMonoScriptInfo (0ms)
			ResolveRequiredComponents (10ms)
	FinalizeReload (1021ms)
		ReleaseScriptCaches (0ms)
		RebuildScriptCaches (0ms)
		SetupLoadedEditorAssemblies (302ms)
			LogAssemblyErrors (0ms)
			InitializePlatformSupportModulesInManaged (3ms)
			SetLoadedEditorAssemblies (3ms)
			RefreshPlugins (0ms)
			BeforeProcessingInitializeOnLoad (39ms)
			ProcessInitializeOnLoadAttributes (223ms)
			ProcessInitializeOnLoadMethodAttributes (33ms)
			AfterProcessingInitializeOnLoad (1ms)
			EditorAssembliesLoaded (0ms)
		ExecutionOrderSort2 (0ms)
		AwakeInstancesAfterBackupRestoration (8ms)
Refreshing native plugins compatible for Editor in 0.81 ms, found 2 plugins.
Preloading 0 native plugins for Editor in 0.00 ms.
Unloading 5432 Unused Serialized files (Serialized files now loaded: 0)
Unloading 44 unused Assets / (0.5 MB). Loaded Objects now: 6235.
Memory consumption went from 255.1 MB to 254.6 MB.
Total: 2.916709 ms (FindLiveObjects: 0.241500 ms CreateObjectMapping: 0.129875 ms MarkObjects: 2.338000 ms  DeleteObjects: 0.206959 ms)

Prepare: number of updated asset objects reloaded= 0
AssetImportParameters requested are different than current active one (requested -> active):
  custom:scripting/monoscript/fileName/ButterflySpawnArea.cs: dbd62ecbfbef1a5aa776448a92fe6f55 -> 7a4e85561a386efbc249c80fddf757cf
  custom:container-demuxer-ogg: 62fdf1f143b41e24485cea50d1cbac27 -> 
  custom:scripting/monoscript/fileName/GlobalObjectFogController.cs: 507f00e639c343e234415111f80085a8 -> facbd04e227607875732ae176343c57f
  custom:scripting/monoscript/fileName/HeightFogGUI.cs: 29f94219a62c8b0874bfb721810cfd5b -> aec4e17dd7701bb8d7e929756a4af25f
  custom:video-decoder-ogg-theora: a1e56fd34408186e4bbccfd4996cb3dc -> 
  custom:CustomObjectIndexerAttribute: a3ef5dd2817f97addfee359851a9dba5 -> 
  custom:scripting/monoscript/fileName/Readme.cs: 5aedf578fb2663036982fb7b05aaf325 -> 
  custom:container-demuxer-webm: 4f35f7cbe854078d1ac9338744f61a02 -> 
  custom:scripting/monoscript/fileName/CameraMovement.cs: 468f1deb05c5ceddee007d11aff467b8 -> 64482079f3854ff800450249a0a3172b
  custom:scripting/monoscript/fileName/BushLeafTrigger.cs: e1e4911a9ffdc85a03b6ad2db2dc4fe0 -> 2188b13a7274e71441831392b5326827
  custom:scripting/monoscript/fileName/ObjectFogControllerEditor.cs: b2bd4797a0607e5a934c246ae15459b1 -> 45ef3514a110b3a7b682b9c974e012b5
  custom:container-muxer-webm: aa71ff27fc2769a1b78a27578f13a17b -> 
  custom:scripting/monoscript/fileName/ReadmeEditor.cs: ff7ced1e41c1b99ddf5dfefc88f6bd50 -> 
  custom:video-decoder-webm-vp8: 9c59270c3fd7afecdb556c50c9e8de78 -> 
  custom:SearchIndexIgnoredProperties: e643bd26f0fe6173181afceb89e7c659 -> 
  custom:AudioImporter_EditorPlatform: 3918e3fc78b5a79bad01e8451be0beb8 -> 
  custom:framework-osx-AVFoundation: e770b220cccbd017edd2c1fefb359320 -> 
  custom:video-encoder-webm-vp8: eb34c28f22e8b96e1ab97ce403110664 -> 
  custom:audio-decoder-ogg-vorbis: bf7c407c2cedff20999df2af8eb42d56 -> 
  custom:scripting/monoscript/fileName/VegetationBendControl.cs: 65a869ef1db1c8384fd4f557be6dc1b6 -> bb07f9a25d480396c774961c20736811
  custom:scripting/monoscript/fileName/ObjectFogController.cs: b8d37926cd7f59533260d87831247213 -> 17cb631ed7335d4f970557980ac29b64
  custom:scripting/monoscript/fileName/WindControl.cs: acc6971a7bf6ad2ecac31b2a6cd9b154 -> f6b532fe4cf57c7f97c43e1601d3d227
  custom:scripting/monoscript/fileName/ExitGame.cs: 79b96a4182cb9efac1e81315977a22b8 -> e6a4ab58c698fe436e0bcee349939749
  custom:scripting/monoscript/fileName/ButterflySpawn.cs: d2556907404472bae9d436ec89571854 -> 4b3f63d3369d1d3252fec29e76a21225
  custom:scripting/monoscript/fileName/PlayerMovement.cs: 613e973f553be5859c2181a5d3c22ce5 -> f5dc59970968a639278b4df2ad95ce8d
  custom:scripting/monoscript/fileName/HeightFogGUI-LWRP.cs: 7308e6993e1378bd35a22c5df63e4f7b -> 54445ea16eb6fe57cc167f3c87d81279
  custom:audio-encoder-webm-vorbis: bf7c407c2cedff20999df2af8eb42d56 -> 
  custom:scripting/monoscript/fileName/GlobalObjectFogControllerEditor.cs: e283156ca16ee4c9ebd0ab6b901d98ea -> ecabf254299c2d861caf49b34a9951c4
========================================================================
Received Prepare
Begin MonoManager ReloadAssembly
Thread 0x16bbcb000 may have been prematurely finalized
- Loaded All Assemblies, in  0.231 seconds
Refreshing native plugins compatible for Editor in 1.29 ms, found 2 plugins.
Native extension for OSXStandalone target not found
Native extension for WebGL target not found
[Package Manager] Server::EnsureServerProcessIsRunning -- launch failed, reason: Unity was launched with the -noUpm command-line argument
[Package Manager] UpmClient::Send -- Unable to send message (not connected to UPM process).
[Package Manager] Cannot connect to Unity Package Manager local server
Mono: successfully reloaded assembly
- Finished resetting the current domain, in  0.502 seconds
Domain Reload Profiling: 734ms
	BeginReloadAssembly (83ms)
		ExecutionOrderSort (0ms)
		DisableScriptedObjects (2ms)
		BackupInstance (0ms)
		ReleaseScriptingObjects (0ms)
		CreateAndSetChildDomain (29ms)
	RebuildCommonClasses (22ms)
	RebuildNativeTypeToScriptingClass (8ms)
	initialDomainReloadingComplete (12ms)
	LoadAllAssembliesAndSetupDomain (107ms)
		LoadAssemblies (122ms)
		RebuildTransferFunctionScriptingTraits (0ms)
		AnalyzeDomain (14ms)
			TypeCache.Refresh (5ms)
				TypeCache.ScanAssembly (0ms)
			ScanForSourceGeneratedMonoScriptInfo (0ms)
			ResolveRequiredComponents (8ms)
	FinalizeReload (502ms)
		ReleaseScriptCaches (0ms)
		RebuildScriptCaches (0ms)
		SetupLoadedEditorAssemblies (282ms)
			LogAssemblyErrors (0ms)
			InitializePlatformSupportModulesInManaged (2ms)
			SetLoadedEditorAssemblies (2ms)
			RefreshPlugins (0ms)
			BeforeProcessingInitializeOnLoad (38ms)
			ProcessInitializeOnLoadAttributes (209ms)
			ProcessInitializeOnLoadMethodAttributes (30ms)
			AfterProcessingInitializeOnLoad (1ms)
			EditorAssembliesLoaded (0ms)
		ExecutionOrderSort2 (0ms)
		AwakeInstancesAfterBackupRestoration (8ms)
Refreshing native plugins compatible for Editor in 0.91 ms, found 2 plugins.
Preloading 0 native plugins for Editor in 0.00 ms.
Unloading 5432 Unused Serialized files (Serialized files now loaded: 0)
Unloading 44 unused Assets / (0.5 MB). Loaded Objects now: 6251.
Memory consumption went from 260.3 MB to 259.8 MB.
Total: 3.177583 ms (FindLiveObjects: 0.216666 ms CreateObjectMapping: 0.121375 ms MarkObjects: 2.590125 ms  DeleteObjects: 0.248583 ms)

Prepare: number of updated asset objects reloaded= 0
AssetImportParameters requested are different than current active one (requested -> active):
  custom:scripting/monoscript/fileName/ButterflySpawnArea.cs: dbd62ecbfbef1a5aa776448a92fe6f55 -> 7a4e85561a386efbc249c80fddf757cf
  custom:container-demuxer-ogg: 62fdf1f143b41e24485cea50d1cbac27 -> 
  custom:scripting/monoscript/fileName/GlobalObjectFogController.cs: 507f00e639c343e234415111f80085a8 -> facbd04e227607875732ae176343c57f
  custom:scripting/monoscript/fileName/HeightFogGUI.cs: 29f94219a62c8b0874bfb721810cfd5b -> aec4e17dd7701bb8d7e929756a4af25f
  custom:video-decoder-ogg-theora: a1e56fd34408186e4bbccfd4996cb3dc -> 
  custom:CustomObjectIndexerAttribute: a3ef5dd2817f97addfee359851a9dba5 -> 
  custom:scripting/monoscript/fileName/Readme.cs: 5aedf578fb2663036982fb7b05aaf325 -> 
  custom:container-demuxer-webm: 4f35f7cbe854078d1ac9338744f61a02 -> 
  custom:scripting/monoscript/fileName/CameraMovement.cs: 468f1deb05c5ceddee007d11aff467b8 -> 64482079f3854ff800450249a0a3172b
  custom:scripting/monoscript/fileName/BushLeafTrigger.cs: e1e4911a9ffdc85a03b6ad2db2dc4fe0 -> 2188b13a7274e71441831392b5326827
  custom:scripting/monoscript/fileName/ObjectFogControllerEditor.cs: b2bd4797a0607e5a934c246ae15459b1 -> 45ef3514a110b3a7b682b9c974e012b5
  custom:container-muxer-webm: aa71ff27fc2769a1b78a27578f13a17b -> 
  custom:scripting/monoscript/fileName/ReadmeEditor.cs: ff7ced1e41c1b99ddf5dfefc88f6bd50 -> 
  custom:video-decoder-webm-vp8: 9c59270c3fd7afecdb556c50c9e8de78 -> 
  custom:SearchIndexIgnoredProperties: e643bd26f0fe6173181afceb89e7c659 -> 
  custom:AudioImporter_EditorPlatform: 3918e3fc78b5a79bad01e8451be0beb8 -> 
  custom:framework-osx-AVFoundation: e770b220cccbd017edd2c1fefb359320 -> 
  custom:video-encoder-webm-vp8: eb34c28f22e8b96e1ab97ce403110664 -> 
  custom:audio-decoder-ogg-vorbis: bf7c407c2cedff20999df2af8eb42d56 -> 
  custom:scripting/monoscript/fileName/VegetationBendControl.cs: 65a869ef1db1c8384fd4f557be6dc1b6 -> bb07f9a25d480396c774961c20736811
  custom:scripting/monoscript/fileName/ObjectFogController.cs: b8d37926cd7f59533260d87831247213 -> 17cb631ed7335d4f970557980ac29b64
  custom:scripting/monoscript/fileName/WindControl.cs: acc6971a7bf6ad2ecac31b2a6cd9b154 -> f6b532fe4cf57c7f97c43e1601d3d227
  custom:scripting/monoscript/fileName/ExitGame.cs: 79b96a4182cb9efac1e81315977a22b8 -> e6a4ab58c698fe436e0bcee349939749
  custom:scripting/monoscript/fileName/ButterflySpawn.cs: d2556907404472bae9d436ec89571854 -> 4b3f63d3369d1d3252fec29e76a21225
  custom:scripting/monoscript/fileName/PlayerMovement.cs: 613e973f553be5859c2181a5d3c22ce5 -> f5dc59970968a639278b4df2ad95ce8d
  custom:scripting/monoscript/fileName/HeightFogGUI-LWRP.cs: 7308e6993e1378bd35a22c5df63e4f7b -> 54445ea16eb6fe57cc167f3c87d81279
  custom:audio-encoder-webm-vorbis: bf7c407c2cedff20999df2af8eb42d56 -> 
  custom:scripting/monoscript/fileName/GlobalObjectFogControllerEditor.cs: e283156ca16ee4c9ebd0ab6b901d98ea -> ecabf254299c2d861caf49b34a9951c4
========================================================================
Received Prepare
Begin MonoManager ReloadAssembly
Thread 0x16bbcb000 may have been prematurely finalized
- Loaded All Assemblies, in  0.233 seconds
Refreshing native plugins compatible for Editor in 0.69 ms, found 2 plugins.
Native extension for OSXStandalone target not found
Native extension for WebGL target not found
[Package Manager] Server::EnsureServerProcessIsRunning -- launch failed, reason: Unity was launched with the -noUpm command-line argument
[Package Manager] UpmClient::Send -- Unable to send message (not connected to UPM process).
[Package Manager] Cannot connect to Unity Package Manager local server
Mono: successfully reloaded assembly
- Finished resetting the current domain, in  0.498 seconds
Domain Reload Profiling: 731ms
	BeginReloadAssembly (83ms)
		ExecutionOrderSort (0ms)
		DisableScriptedObjects (2ms)
		BackupInstance (0ms)
		ReleaseScriptingObjects (0ms)
		CreateAndSetChildDomain (30ms)
	RebuildCommonClasses (21ms)
	RebuildNativeTypeToScriptingClass (8ms)
	initialDomainReloadingComplete (12ms)
	LoadAllAssembliesAndSetupDomain (109ms)
		LoadAssemblies (124ms)
		RebuildTransferFunctionScriptingTraits (0ms)
		AnalyzeDomain (14ms)
			TypeCache.Refresh (5ms)
				TypeCache.ScanAssembly (0ms)
			ScanForSourceGeneratedMonoScriptInfo (0ms)
			ResolveRequiredComponents (8ms)
	FinalizeReload (498ms)
		ReleaseScriptCaches (0ms)
		RebuildScriptCaches (0ms)
		SetupLoadedEditorAssemblies (284ms)
			LogAssemblyErrors (0ms)
			InitializePlatformSupportModulesInManaged (2ms)
			SetLoadedEditorAssemblies (2ms)
			RefreshPlugins (0ms)
			BeforeProcessingInitializeOnLoad (38ms)
			ProcessInitializeOnLoadAttributes (211ms)
			ProcessInitializeOnLoadMethodAttributes (30ms)
			AfterProcessingInitializeOnLoad (0ms)
			EditorAssembliesLoaded (0ms)
		ExecutionOrderSort2 (0ms)
		AwakeInstancesAfterBackupRestoration (8ms)
Refreshing native plugins compatible for Editor in 0.81 ms, found 2 plugins.
Preloading 0 native plugins for Editor in 0.00 ms.
Unloading 5432 Unused Serialized files (Serialized files now loaded: 0)
Unloading 44 unused Assets / (0.5 MB). Loaded Objects now: 6267.
Memory consumption went from 265.5 MB to 265.0 MB.
Total: 2.657125 ms (FindLiveObjects: 0.196958 ms CreateObjectMapping: 0.085583 ms MarkObjects: 2.183917 ms  DeleteObjects: 0.190084 ms)

Prepare: number of updated asset objects reloaded= 0
AssetImportParameters requested are different than current active one (requested -> active):
  custom:scripting/monoscript/fileName/ButterflySpawnArea.cs: dbd62ecbfbef1a5aa776448a92fe6f55 -> 7a4e85561a386efbc249c80fddf757cf
  custom:container-demuxer-ogg: 62fdf1f143b41e24485cea50d1cbac27 -> 
  custom:scripting/monoscript/fileName/GlobalObjectFogController.cs: 507f00e639c343e234415111f80085a8 -> facbd04e227607875732ae176343c57f
  custom:scripting/monoscript/fileName/HeightFogGUI.cs: 29f94219a62c8b0874bfb721810cfd5b -> aec4e17dd7701bb8d7e929756a4af25f
  custom:video-decoder-ogg-theora: a1e56fd34408186e4bbccfd4996cb3dc -> 
  custom:CustomObjectIndexerAttribute: a3ef5dd2817f97addfee359851a9dba5 -> 
  custom:scripting/monoscript/fileName/Readme.cs: 5aedf578fb2663036982fb7b05aaf325 -> 
  custom:container-demuxer-webm: 4f35f7cbe854078d1ac9338744f61a02 -> 
  custom:scripting/monoscript/fileName/CameraMovement.cs: 468f1deb05c5ceddee007d11aff467b8 -> 64482079f3854ff800450249a0a3172b
  custom:scripting/monoscript/fileName/BushLeafTrigger.cs: e1e4911a9ffdc85a03b6ad2db2dc4fe0 -> 2188b13a7274e71441831392b5326827
  custom:scripting/monoscript/fileName/ObjectFogControllerEditor.cs: b2bd4797a0607e5a934c246ae15459b1 -> 45ef3514a110b3a7b682b9c974e012b5
  custom:container-muxer-webm: aa71ff27fc2769a1b78a27578f13a17b -> 
  custom:scripting/monoscript/fileName/ReadmeEditor.cs: ff7ced1e41c1b99ddf5dfefc88f6bd50 -> 
  custom:video-decoder-webm-vp8: 9c59270c3fd7afecdb556c50c9e8de78 -> 
  custom:SearchIndexIgnoredProperties: e643bd26f0fe6173181afceb89e7c659 -> 
  custom:AudioImporter_EditorPlatform: 3918e3fc78b5a79bad01e8451be0beb8 -> 
  custom:framework-osx-AVFoundation: e770b220cccbd017edd2c1fefb359320 -> 
  custom:video-encoder-webm-vp8: eb34c28f22e8b96e1ab97ce403110664 -> 
  custom:audio-decoder-ogg-vorbis: bf7c407c2cedff20999df2af8eb42d56 -> 
  custom:scripting/monoscript/fileName/VegetationBendControl.cs: 65a869ef1db1c8384fd4f557be6dc1b6 -> bb07f9a25d480396c774961c20736811
  custom:scripting/monoscript/fileName/ObjectFogController.cs: b8d37926cd7f59533260d87831247213 -> 17cb631ed7335d4f970557980ac29b64
  custom:scripting/monoscript/fileName/WindControl.cs: acc6971a7bf6ad2ecac31b2a6cd9b154 -> f6b532fe4cf57c7f97c43e1601d3d227
  custom:scripting/monoscript/fileName/ExitGame.cs: 79b96a4182cb9efac1e81315977a22b8 -> e6a4ab58c698fe436e0bcee349939749
  custom:scripting/monoscript/fileName/ButterflySpawn.cs: d2556907404472bae9d436ec89571854 -> 4b3f63d3369d1d3252fec29e76a21225
  custom:scripting/monoscript/fileName/PlayerMovement.cs: 613e973f553be5859c2181a5d3c22ce5 -> f5dc59970968a639278b4df2ad95ce8d
  custom:scripting/monoscript/fileName/HeightFogGUI-LWRP.cs: 7308e6993e1378bd35a22c5df63e4f7b -> 54445ea16eb6fe57cc167f3c87d81279
  custom:audio-encoder-webm-vorbis: bf7c407c2cedff20999df2af8eb42d56 -> 
  custom:scripting/monoscript/fileName/GlobalObjectFogControllerEditor.cs: e283156ca16ee4c9ebd0ab6b901d98ea -> ecabf254299c2d861caf49b34a9951c4
========================================================================
Received Import Request.
  Time since last request: 72171.988472 seconds.
  path: Assets/New Terrain.asset
  artifactKey: Guid(b0bb3184db8f54e6ea33797458d16a06) Importer(815301076,1909f56bfc062723c751e8b465ee728b)
Start importing Assets/New Terrain.asset using Guid(b0bb3184db8f54e6ea33797458d16a06) Importer(815301076,1909f56bfc062723c751e8b465ee728b) The tree Flower_Blue_01 must use the Nature/Soft Occlusion shader. Otherwise billboarding/lighting will not work correctly.
 -> (artifact id: '33530427b92b52e6842956b42a60a74b') in 1.158764 seconds
Number of updated asset objects reloaded before import = 0
Number of asset objects unloaded after import = 183
========================================================================
Received Import Request.
  Time since last request: 4.160080 seconds.
  path: Assets/src/ScObTemp/GameManager.cs
  artifactKey: Guid(0935250372f034b2fbdebf1de384ecb7) Importer(815301076,1909f56bfc062723c751e8b465ee728b)
Start importing Assets/src/ScObTemp/GameManager.cs using Guid(0935250372f034b2fbdebf1de384ecb7) Importer(815301076,1909f56bfc062723c751e8b465ee728b)  -> (artifact id: '8a5104a3a2bc842972c74e79b035fc72') in 0.000866 seconds
Number of updated asset objects reloaded before import = 0
Number of asset objects unloaded after import = 0
========================================================================
Received Import Request.
  Time since last request: 1.788087 seconds.
  path: Assets/src/ScObTemp/InventoryItem.cs
  artifactKey: Guid(83fd72cb9fa1e4264b65535b2f71e1e1) Importer(815301076,1909f56bfc062723c751e8b465ee728b)
Start importing Assets/src/ScObTemp/InventoryItem.cs using Guid(83fd72cb9fa1e4264b65535b2f71e1e1) Importer(815301076,1909f56bfc062723c751e8b465ee728b)  -> (artifact id: 'd62358ee0a0ef075c51763200d6a8c6f') in 0.000857 seconds
Number of updated asset objects reloaded before import = 0
Number of asset objects unloaded after import = 0
========================================================================
Received Prepare
Begin MonoManager ReloadAssembly
Thread 0x16bbcb000 may have been prematurely finalized
- Loaded All Assemblies, in  0.459 seconds
Refreshing native plugins compatible for Editor in 1.04 ms, found 2 plugins.
Native extension for OSXStandalone target not found
Native extension for WebGL target not found
[Package Manager] Server::EnsureServerProcessIsRunning -- launch failed, reason: Unity was launched with the -noUpm command-line argument
[Package Manager] UpmClient::Send -- Unable to send message (not connected to UPM process).
[Package Manager] Cannot connect to Unity Package Manager local server
Mono: successfully reloaded assembly
- Finished resetting the current domain, in  0.980 seconds
Domain Reload Profiling: 1439ms
	BeginReloadAssembly (207ms)
		ExecutionOrderSort (0ms)
		DisableScriptedObjects (5ms)
		BackupInstance (0ms)
		ReleaseScriptingObjects (0ms)
		CreateAndSetChildDomain (70ms)
	RebuildCommonClasses (22ms)
	RebuildNativeTypeToScriptingClass (8ms)
	initialDomainReloadingComplete (15ms)
	LoadAllAssembliesAndSetupDomain (207ms)
		LoadAssemblies (292ms)
		RebuildTransferFunctionScriptingTraits (0ms)
		AnalyzeDomain (19ms)
			TypeCache.Refresh (9ms)
				TypeCache.ScanAssembly (0ms)
			ScanForSourceGeneratedMonoScriptInfo (0ms)
			ResolveRequiredComponents (9ms)
	FinalizeReload (980ms)
		ReleaseScriptCaches (0ms)
		RebuildScriptCaches (0ms)
		SetupLoadedEditorAssemblies (302ms)
			LogAssemblyErrors (0ms)
			InitializePlatformSupportModulesInManaged (3ms)
			SetLoadedEditorAssemblies (2ms)
			RefreshPlugins (0ms)
			BeforeProcessingInitializeOnLoad (37ms)
			ProcessInitializeOnLoadAttributes (227ms)
			ProcessInitializeOnLoadMethodAttributes (32ms)
			AfterProcessingInitializeOnLoad (1ms)
			EditorAssembliesLoaded (0ms)
		ExecutionOrderSort2 (0ms)
		AwakeInstancesAfterBackupRestoration (10ms)
Refreshing native plugins compatible for Editor in 0.92 ms, found 2 plugins.
Preloading 0 native plugins for Editor in 0.00 ms.
Unloading 5432 Unused Serialized files (Serialized files now loaded: 0)
Unloading 44 unused Assets / (0.5 MB). Loaded Objects now: 6285.
Memory consumption went from 269.5 MB to 269.0 MB.
Total: 3.443541 ms (FindLiveObjects: 0.244917 ms CreateObjectMapping: 0.149875 ms MarkObjects: 2.814083 ms  DeleteObjects: 0.234125 ms)

Prepare: number of updated asset objects reloaded= 0
AssetImportParameters requested are different than current active one (requested -> active):
  custom:scripting/monoscript/fileName/ButterflySpawnArea.cs: dbd62ecbfbef1a5aa776448a92fe6f55 -> 7a4e85561a386efbc249c80fddf757cf
  custom:container-demuxer-ogg: 62fdf1f143b41e24485cea50d1cbac27 -> 
  custom:scripting/monoscript/fileName/GlobalObjectFogController.cs: 507f00e639c343e234415111f80085a8 -> facbd04e227607875732ae176343c57f
  custom:scripting/monoscript/fileName/HeightFogGUI.cs: 29f94219a62c8b0874bfb721810cfd5b -> aec4e17dd7701bb8d7e929756a4af25f
  custom:video-decoder-ogg-theora: a1e56fd34408186e4bbccfd4996cb3dc -> 
  custom:CustomObjectIndexerAttribute: a3ef5dd2817f97addfee359851a9dba5 -> 
  custom:scripting/monoscript/fileName/Readme.cs: 5aedf578fb2663036982fb7b05aaf325 -> 
  custom:container-demuxer-webm: 4f35f7cbe854078d1ac9338744f61a02 -> 
  custom:scripting/monoscript/fileName/CameraMovement.cs: 468f1deb05c5ceddee007d11aff467b8 -> 64482079f3854ff800450249a0a3172b
  custom:scripting/monoscript/fileName/BushLeafTrigger.cs: e1e4911a9ffdc85a03b6ad2db2dc4fe0 -> 2188b13a7274e71441831392b5326827
  custom:scripting/monoscript/fileName/ObjectFogControllerEditor.cs: b2bd4797a0607e5a934c246ae15459b1 -> 45ef3514a110b3a7b682b9c974e012b5
  custom:container-muxer-webm: aa71ff27fc2769a1b78a27578f13a17b -> 
  custom:scripting/monoscript/fileName/ReadmeEditor.cs: ff7ced1e41c1b99ddf5dfefc88f6bd50 -> 
  custom:video-decoder-webm-vp8: 9c59270c3fd7afecdb556c50c9e8de78 -> 
  custom:SearchIndexIgnoredProperties: e643bd26f0fe6173181afceb89e7c659 -> 
  custom:AudioImporter_EditorPlatform: 3918e3fc78b5a79bad01e8451be0beb8 -> 
  custom:framework-osx-AVFoundation: e770b220cccbd017edd2c1fefb359320 -> 
  custom:video-encoder-webm-vp8: eb34c28f22e8b96e1ab97ce403110664 -> 
  custom:audio-decoder-ogg-vorbis: bf7c407c2cedff20999df2af8eb42d56 -> 
  custom:scripting/monoscript/fileName/VegetationBendControl.cs: 65a869ef1db1c8384fd4f557be6dc1b6 -> bb07f9a25d480396c774961c20736811
  custom:scripting/monoscript/fileName/ObjectFogController.cs: b8d37926cd7f59533260d87831247213 -> 17cb631ed7335d4f970557980ac29b64
  custom:scripting/monoscript/fileName/WindControl.cs: acc6971a7bf6ad2ecac31b2a6cd9b154 -> f6b532fe4cf57c7f97c43e1601d3d227
  custom:scripting/monoscript/fileName/ExitGame.cs: 79b96a4182cb9efac1e81315977a22b8 -> e6a4ab58c698fe436e0bcee349939749
  custom:scripting/monoscript/fileName/ButterflySpawn.cs: d2556907404472bae9d436ec89571854 -> 4b3f63d3369d1d3252fec29e76a21225
  custom:scripting/monoscript/fileName/PlayerMovement.cs: 613e973f553be5859c2181a5d3c22ce5 -> f5dc59970968a639278b4df2ad95ce8d
  custom:scripting/monoscript/fileName/HeightFogGUI-LWRP.cs: 7308e6993e1378bd35a22c5df63e4f7b -> 54445ea16eb6fe57cc167f3c87d81279
  custom:audio-encoder-webm-vorbis: bf7c407c2cedff20999df2af8eb42d56 -> 
  custom:scripting/monoscript/fileName/GlobalObjectFogControllerEditor.cs: e283156ca16ee4c9ebd0ab6b901d98ea -> ecabf254299c2d861caf49b34a9951c4
========================================================================
Received Prepare
Begin MonoManager ReloadAssembly
Thread 0x16bbcb000 may have been prematurely finalized
- Loaded All Assemblies, in  0.291 seconds
Refreshing native plugins compatible for Editor in 0.83 ms, found 2 plugins.
Native extension for OSXStandalone target not found
Native extension for WebGL target not found
[Package Manager] Server::EnsureServerProcessIsRunning -- launch failed, reason: Unity was launched with the -noUpm command-line argument
[Package Manager] UpmClient::Send -- Unable to send message (not connected to UPM process).
[Package Manager] Cannot connect to Unity Package Manager local server
Mono: successfully reloaded assembly
- Finished resetting the current domain, in  0.922 seconds
Domain Reload Profiling: 1214ms
	BeginReloadAssembly (103ms)
		ExecutionOrderSort (0ms)
		DisableScriptedObjects (3ms)
		BackupInstance (0ms)
		ReleaseScriptingObjects (0ms)
		CreateAndSetChildDomain (42ms)
	RebuildCommonClasses (21ms)
	RebuildNativeTypeToScriptingClass (8ms)
	initialDomainReloadingComplete (13ms)
	LoadAllAssembliesAndSetupDomain (147ms)
		LoadAssemblies (164ms)
		RebuildTransferFunctionScriptingTraits (0ms)
		AnalyzeDomain (16ms)
			TypeCache.Refresh (7ms)
				TypeCache.ScanAssembly (0ms)
			ScanForSourceGeneratedMonoScriptInfo (0ms)
			ResolveRequiredComponents (8ms)
	FinalizeReload (922ms)
		ReleaseScriptCaches (0ms)
		RebuildScriptCaches (0ms)
		SetupLoadedEditorAssemblies (304ms)
			LogAssemblyErrors (0ms)
			InitializePlatformSupportModulesInManaged (4ms)
			SetLoadedEditorAssemblies (3ms)
			RefreshPlugins (0ms)
			BeforeProcessingInitializeOnLoad (41ms)
			ProcessInitializeOnLoadAttributes (221ms)
			ProcessInitializeOnLoadMethodAttributes (35ms)
			AfterProcessingInitializeOnLoad (1ms)
			EditorAssembliesLoaded (0ms)
		ExecutionOrderSort2 (0ms)
		AwakeInstancesAfterBackupRestoration (10ms)
Refreshing native plugins compatible for Editor in 1.01 ms, found 2 plugins.
Preloading 0 native plugins for Editor in 0.00 ms.
Unloading 5432 Unused Serialized files (Serialized files now loaded: 0)
Unloading 44 unused Assets / (0.5 MB). Loaded Objects now: 6301.
Memory consumption went from 274.7 MB to 274.1 MB.
Total: 3.472917 ms (FindLiveObjects: 0.446417 ms CreateObjectMapping: 0.113458 ms MarkObjects: 2.621000 ms  DeleteObjects: 0.291417 ms)

Prepare: number of updated asset objects reloaded= 0
AssetImportParameters requested are different than current active one (requested -> active):
  custom:scripting/monoscript/fileName/ButterflySpawnArea.cs: dbd62ecbfbef1a5aa776448a92fe6f55 -> 7a4e85561a386efbc249c80fddf757cf
  custom:container-demuxer-ogg: 62fdf1f143b41e24485cea50d1cbac27 -> 
  custom:scripting/monoscript/fileName/GlobalObjectFogController.cs: 507f00e639c343e234415111f80085a8 -> facbd04e227607875732ae176343c57f
  custom:scripting/monoscript/fileName/HeightFogGUI.cs: 29f94219a62c8b0874bfb721810cfd5b -> aec4e17dd7701bb8d7e929756a4af25f
  custom:video-decoder-ogg-theora: a1e56fd34408186e4bbccfd4996cb3dc -> 
  custom:CustomObjectIndexerAttribute: a3ef5dd2817f97addfee359851a9dba5 -> 
  custom:scripting/monoscript/fileName/Readme.cs: 5aedf578fb2663036982fb7b05aaf325 -> 
  custom:container-demuxer-webm: 4f35f7cbe854078d1ac9338744f61a02 -> 
  custom:scripting/monoscript/fileName/CameraMovement.cs: 468f1deb05c5ceddee007d11aff467b8 -> 64482079f3854ff800450249a0a3172b
  custom:scripting/monoscript/fileName/BushLeafTrigger.cs: e1e4911a9ffdc85a03b6ad2db2dc4fe0 -> 2188b13a7274e71441831392b5326827
  custom:scripting/monoscript/fileName/ObjectFogControllerEditor.cs: b2bd4797a0607e5a934c246ae15459b1 -> 45ef3514a110b3a7b682b9c974e012b5
  custom:container-muxer-webm: aa71ff27fc2769a1b78a27578f13a17b -> 
  custom:scripting/monoscript/fileName/ReadmeEditor.cs: ff7ced1e41c1b99ddf5dfefc88f6bd50 -> 
  custom:video-decoder-webm-vp8: 9c59270c3fd7afecdb556c50c9e8de78 -> 
  custom:SearchIndexIgnoredProperties: e643bd26f0fe6173181afceb89e7c659 -> 
  custom:AudioImporter_EditorPlatform: 3918e3fc78b5a79bad01e8451be0beb8 -> 
  custom:framework-osx-AVFoundation: e770b220cccbd017edd2c1fefb359320 -> 
  custom:video-encoder-webm-vp8: eb34c28f22e8b96e1ab97ce403110664 -> 
  custom:audio-decoder-ogg-vorbis: bf7c407c2cedff20999df2af8eb42d56 -> 
  custom:scripting/monoscript/fileName/VegetationBendControl.cs: 65a869ef1db1c8384fd4f557be6dc1b6 -> bb07f9a25d480396c774961c20736811
  custom:scripting/monoscript/fileName/ObjectFogController.cs: b8d37926cd7f59533260d87831247213 -> 17cb631ed7335d4f970557980ac29b64
  custom:scripting/monoscript/fileName/WindControl.cs: acc6971a7bf6ad2ecac31b2a6cd9b154 -> f6b532fe4cf57c7f97c43e1601d3d227
  custom:scripting/monoscript/fileName/ExitGame.cs: 79b96a4182cb9efac1e81315977a22b8 -> e6a4ab58c698fe436e0bcee349939749
  custom:scripting/monoscript/fileName/ButterflySpawn.cs: d2556907404472bae9d436ec89571854 -> 4b3f63d3369d1d3252fec29e76a21225
  custom:scripting/monoscript/fileName/PlayerMovement.cs: 613e973f553be5859c2181a5d3c22ce5 -> f5dc59970968a639278b4df2ad95ce8d
  custom:scripting/monoscript/fileName/HeightFogGUI-LWRP.cs: 7308e6993e1378bd35a22c5df63e4f7b -> 54445ea16eb6fe57cc167f3c87d81279
  custom:audio-encoder-webm-vorbis: bf7c407c2cedff20999df2af8eb42d56 -> 
  custom:scripting/monoscript/fileName/GlobalObjectFogControllerEditor.cs: e283156ca16ee4c9ebd0ab6b901d98ea -> ecabf254299c2d861caf49b34a9951c4
========================================================================
Received Prepare
Begin MonoManager ReloadAssembly
Thread 0x16bbcb000 may have been prematurely finalized
- Loaded All Assemblies, in  0.279 seconds
Refreshing native plugins compatible for Editor in 0.99 ms, found 2 plugins.
Native extension for OSXStandalone target not found
Native extension for WebGL target not found
[Package Manager] Server::EnsureServerProcessIsRunning -- launch failed, reason: Unity was launched with the -noUpm command-line argument
[Package Manager] UpmClient::Send -- Unable to send message (not connected to UPM process).
[Package Manager] Cannot connect to Unity Package Manager local server
Mono: successfully reloaded assembly
- Finished resetting the current domain, in  0.873 seconds
Domain Reload Profiling: 1154ms
	BeginReloadAssembly (92ms)
		ExecutionOrderSort (0ms)
		DisableScriptedObjects (3ms)
		BackupInstance (0ms)
		ReleaseScriptingObjects (0ms)
		CreateAndSetChildDomain (36ms)
	RebuildCommonClasses (21ms)
	RebuildNativeTypeToScriptingClass (8ms)
	initialDomainReloadingComplete (13ms)
	LoadAllAssembliesAndSetupDomain (146ms)
		LoadAssemblies (153ms)
		RebuildTransferFunctionScriptingTraits (0ms)
		AnalyzeDomain (22ms)
			TypeCache.Refresh (6ms)
				TypeCache.ScanAssembly (0ms)
			ScanForSourceGeneratedMonoScriptInfo (0ms)
			ResolveRequiredComponents (14ms)
	FinalizeReload (874ms)
		ReleaseScriptCaches (0ms)
		RebuildScriptCaches (0ms)
		SetupLoadedEditorAssemblies (305ms)
			LogAssemblyErrors (0ms)
			InitializePlatformSupportModulesInManaged (3ms)
			SetLoadedEditorAssemblies (2ms)
			RefreshPlugins (0ms)
			BeforeProcessingInitializeOnLoad (38ms)
			ProcessInitializeOnLoadAttributes (229ms)
			ProcessInitializeOnLoadMethodAttributes (33ms)
			AfterProcessingInitializeOnLoad (1ms)
			EditorAssembliesLoaded (0ms)
		ExecutionOrderSort2 (0ms)
		AwakeInstancesAfterBackupRestoration (8ms)
Refreshing native plugins compatible for Editor in 0.98 ms, found 2 plugins.
Preloading 0 native plugins for Editor in 0.00 ms.
Unloading 5432 Unused Serialized files (Serialized files now loaded: 0)
Unloading 44 unused Assets / (0.5 MB). Loaded Objects now: 6317.
Memory consumption went from 279.8 MB to 279.3 MB.
Total: 3.475500 ms (FindLiveObjects: 0.241584 ms CreateObjectMapping: 0.146333 ms MarkObjects: 2.819000 ms  DeleteObjects: 0.267958 ms)

Prepare: number of updated asset objects reloaded= 0
AssetImportParameters requested are different than current active one (requested -> active):
  custom:scripting/monoscript/fileName/ButterflySpawnArea.cs: dbd62ecbfbef1a5aa776448a92fe6f55 -> 7a4e85561a386efbc249c80fddf757cf
  custom:container-demuxer-ogg: 62fdf1f143b41e24485cea50d1cbac27 -> 
  custom:scripting/monoscript/fileName/GlobalObjectFogController.cs: 507f00e639c343e234415111f80085a8 -> facbd04e227607875732ae176343c57f
  custom:scripting/monoscript/fileName/HeightFogGUI.cs: 29f94219a62c8b0874bfb721810cfd5b -> aec4e17dd7701bb8d7e929756a4af25f
  custom:video-decoder-ogg-theora: a1e56fd34408186e4bbccfd4996cb3dc -> 
  custom:CustomObjectIndexerAttribute: a3ef5dd2817f97addfee359851a9dba5 -> 
  custom:scripting/monoscript/fileName/Readme.cs: 5aedf578fb2663036982fb7b05aaf325 -> 
  custom:container-demuxer-webm: 4f35f7cbe854078d1ac9338744f61a02 -> 
  custom:scripting/monoscript/fileName/CameraMovement.cs: 468f1deb05c5ceddee007d11aff467b8 -> 64482079f3854ff800450249a0a3172b
  custom:scripting/monoscript/fileName/BushLeafTrigger.cs: e1e4911a9ffdc85a03b6ad2db2dc4fe0 -> 2188b13a7274e71441831392b5326827
  custom:scripting/monoscript/fileName/ObjectFogControllerEditor.cs: b2bd4797a0607e5a934c246ae15459b1 -> 45ef3514a110b3a7b682b9c974e012b5
  custom:container-muxer-webm: aa71ff27fc2769a1b78a27578f13a17b -> 
  custom:scripting/monoscript/fileName/ReadmeEditor.cs: ff7ced1e41c1b99ddf5dfefc88f6bd50 -> 
  custom:video-decoder-webm-vp8: 9c59270c3fd7afecdb556c50c9e8de78 -> 
  custom:SearchIndexIgnoredProperties: e643bd26f0fe6173181afceb89e7c659 -> 
  custom:AudioImporter_EditorPlatform: 3918e3fc78b5a79bad01e8451be0beb8 -> 
  custom:framework-osx-AVFoundation: e770b220cccbd017edd2c1fefb359320 -> 
  custom:video-encoder-webm-vp8: eb34c28f22e8b96e1ab97ce403110664 -> 
  custom:audio-decoder-ogg-vorbis: bf7c407c2cedff20999df2af8eb42d56 -> 
  custom:scripting/monoscript/fileName/VegetationBendControl.cs: 65a869ef1db1c8384fd4f557be6dc1b6 -> bb07f9a25d480396c774961c20736811
  custom:scripting/monoscript/fileName/ObjectFogController.cs: b8d37926cd7f59533260d87831247213 -> 17cb631ed7335d4f970557980ac29b64
  custom:scripting/monoscript/fileName/WindControl.cs: acc6971a7bf6ad2ecac31b2a6cd9b154 -> f6b532fe4cf57c7f97c43e1601d3d227
  custom:scripting/monoscript/fileName/ExitGame.cs: 79b96a4182cb9efac1e81315977a22b8 -> e6a4ab58c698fe436e0bcee349939749
  custom:scripting/monoscript/fileName/ButterflySpawn.cs: d2556907404472bae9d436ec89571854 -> 4b3f63d3369d1d3252fec29e76a21225
  custom:scripting/monoscript/fileName/PlayerMovement.cs: 613e973f553be5859c2181a5d3c22ce5 -> f5dc59970968a639278b4df2ad95ce8d
  custom:scripting/monoscript/fileName/HeightFogGUI-LWRP.cs: 7308e6993e1378bd35a22c5df63e4f7b -> 54445ea16eb6fe57cc167f3c87d81279
  custom:audio-encoder-webm-vorbis: bf7c407c2cedff20999df2af8eb42d56 -> 
  custom:scripting/monoscript/fileName/GlobalObjectFogControllerEditor.cs: e283156ca16ee4c9ebd0ab6b901d98ea -> ecabf254299c2d861caf49b34a9951c4
========================================================================
Received Import Request.
  Time since last request: 4261.732423 seconds.
  path: Assets/src/Objects/Interactable.cs
  artifactKey: Guid(d9545ed0fa17f4321bd0e78e44a94f20) Importer(815301076,1909f56bfc062723c751e8b465ee728b)
Start importing Assets/src/Objects/Interactable.cs using Guid(d9545ed0fa17f4321bd0e78e44a94f20) Importer(815301076,1909f56bfc062723c751e8b465ee728b)  -> (artifact id: 'f17882db9dd9b6986b00309268fc2e78') in 0.005192 seconds
Number of updated asset objects reloaded before import = 0
Number of asset objects unloaded after import = 0
========================================================================
Received Import Request.
  Time since last request: 0.538867 seconds.
  path: Assets/src/Objects/PlayAudioOnInteract.cs
  artifactKey: Guid(a601a97299af94da8a53dfb53f750299) Importer(815301076,1909f56bfc062723c751e8b465ee728b)
Start importing Assets/src/Objects/PlayAudioOnInteract.cs using Guid(a601a97299af94da8a53dfb53f750299) Importer(815301076,1909f56bfc062723c751e8b465ee728b)  -> (artifact id: '784f63776bda6f9f1e1133a7ab7ff94a') in 0.000520 seconds
Number of updated asset objects reloaded before import = 0
Number of asset objects unloaded after import = 0
========================================================================
Received Prepare
Begin MonoManager ReloadAssembly
Thread 0x16bbcb000 may have been prematurely finalized
- Loaded All Assemblies, in  0.289 seconds
Refreshing native plugins compatible for Editor in 0.80 ms, found 2 plugins.
Native extension for OSXStandalone target not found
Native extension for WebGL target not found
[Package Manager] Server::EnsureServerProcessIsRunning -- launch failed, reason: Unity was launched with the -noUpm command-line argument
[Package Manager] UpmClient::Send -- Unable to send message (not connected to UPM process).
[Package Manager] Cannot connect to Unity Package Manager local server
Mono: successfully reloaded assembly
- Finished resetting the current domain, in  0.926 seconds
Domain Reload Profiling: 1216ms
	BeginReloadAssembly (104ms)
		ExecutionOrderSort (0ms)
		DisableScriptedObjects (3ms)
		BackupInstance (0ms)
		ReleaseScriptingObjects (0ms)
		CreateAndSetChildDomain (42ms)
	RebuildCommonClasses (21ms)
	RebuildNativeTypeToScriptingClass (8ms)
	initialDomainReloadingComplete (13ms)
	LoadAllAssembliesAndSetupDomain (143ms)
		LoadAssemblies (163ms)
		RebuildTransferFunctionScriptingTraits (0ms)
		AnalyzeDomain (15ms)
			TypeCache.Refresh (6ms)
				TypeCache.ScanAssembly (0ms)
			ScanForSourceGeneratedMonoScriptInfo (0ms)
			ResolveRequiredComponents (8ms)
	FinalizeReload (927ms)
		ReleaseScriptCaches (0ms)
		RebuildScriptCaches (0ms)
		SetupLoadedEditorAssemblies (301ms)
			LogAssemblyErrors (0ms)
			InitializePlatformSupportModulesInManaged (3ms)
			SetLoadedEditorAssemblies (3ms)
			RefreshPlugins (0ms)
			BeforeProcessingInitializeOnLoad (38ms)
			ProcessInitializeOnLoadAttributes (225ms)
			ProcessInitializeOnLoadMethodAttributes (32ms)
			AfterProcessingInitializeOnLoad (1ms)
			EditorAssembliesLoaded (0ms)
		ExecutionOrderSort2 (0ms)
		AwakeInstancesAfterBackupRestoration (9ms)
Refreshing native plugins compatible for Editor in 1.11 ms, found 2 plugins.
Preloading 0 native plugins for Editor in 0.00 ms.
Unloading 5432 Unused Serialized files (Serialized files now loaded: 0)
Unloading 44 unused Assets / (0.5 MB). Loaded Objects now: 6333.
Memory consumption went from 285.3 MB to 284.7 MB.
Total: 3.023875 ms (FindLiveObjects: 0.212000 ms CreateObjectMapping: 0.105917 ms MarkObjects: 2.467083 ms  DeleteObjects: 0.237959 ms)

Prepare: number of updated asset objects reloaded= 0
AssetImportParameters requested are different than current active one (requested -> active):
  custom:scripting/monoscript/fileName/ButterflySpawnArea.cs: dbd62ecbfbef1a5aa776448a92fe6f55 -> 7a4e85561a386efbc249c80fddf757cf
  custom:container-demuxer-ogg: 62fdf1f143b41e24485cea50d1cbac27 -> 
  custom:scripting/monoscript/fileName/GlobalObjectFogController.cs: 507f00e639c343e234415111f80085a8 -> facbd04e227607875732ae176343c57f
  custom:scripting/monoscript/fileName/HeightFogGUI.cs: 29f94219a62c8b0874bfb721810cfd5b -> aec4e17dd7701bb8d7e929756a4af25f
  custom:video-decoder-ogg-theora: a1e56fd34408186e4bbccfd4996cb3dc -> 
  custom:CustomObjectIndexerAttribute: a3ef5dd2817f97addfee359851a9dba5 -> 
  custom:scripting/monoscript/fileName/Readme.cs: 5aedf578fb2663036982fb7b05aaf325 -> 
  custom:container-demuxer-webm: 4f35f7cbe854078d1ac9338744f61a02 -> 
  custom:scripting/monoscript/fileName/CameraMovement.cs: 468f1deb05c5ceddee007d11aff467b8 -> 64482079f3854ff800450249a0a3172b
  custom:scripting/monoscript/fileName/BushLeafTrigger.cs: e1e4911a9ffdc85a03b6ad2db2dc4fe0 -> 2188b13a7274e71441831392b5326827
  custom:scripting/monoscript/fileName/ObjectFogControllerEditor.cs: b2bd4797a0607e5a934c246ae15459b1 -> 45ef3514a110b3a7b682b9c974e012b5
  custom:container-muxer-webm: aa71ff27fc2769a1b78a27578f13a17b -> 
  custom:scripting/monoscript/fileName/ReadmeEditor.cs: ff7ced1e41c1b99ddf5dfefc88f6bd50 -> 
  custom:video-decoder-webm-vp8: 9c59270c3fd7afecdb556c50c9e8de78 -> 
  custom:SearchIndexIgnoredProperties: e643bd26f0fe6173181afceb89e7c659 -> 
  custom:AudioImporter_EditorPlatform: 3918e3fc78b5a79bad01e8451be0beb8 -> 
  custom:framework-osx-AVFoundation: e770b220cccbd017edd2c1fefb359320 -> 
  custom:video-encoder-webm-vp8: eb34c28f22e8b96e1ab97ce403110664 -> 
  custom:audio-decoder-ogg-vorbis: bf7c407c2cedff20999df2af8eb42d56 -> 
  custom:scripting/monoscript/fileName/VegetationBendControl.cs: 65a869ef1db1c8384fd4f557be6dc1b6 -> bb07f9a25d480396c774961c20736811
  custom:scripting/monoscript/fileName/ObjectFogController.cs: b8d37926cd7f59533260d87831247213 -> 17cb631ed7335d4f970557980ac29b64
  custom:scripting/monoscript/fileName/WindControl.cs: acc6971a7bf6ad2ecac31b2a6cd9b154 -> f6b532fe4cf57c7f97c43e1601d3d227
  custom:scripting/monoscript/fileName/ExitGame.cs: 79b96a4182cb9efac1e81315977a22b8 -> e6a4ab58c698fe436e0bcee349939749
  custom:scripting/monoscript/fileName/ButterflySpawn.cs: d2556907404472bae9d436ec89571854 -> 4b3f63d3369d1d3252fec29e76a21225
  custom:scripting/monoscript/fileName/PlayerMovement.cs: 613e973f553be5859c2181a5d3c22ce5 -> f5dc59970968a639278b4df2ad95ce8d
  custom:scripting/monoscript/fileName/HeightFogGUI-LWRP.cs: 7308e6993e1378bd35a22c5df63e4f7b -> 54445ea16eb6fe57cc167f3c87d81279
  custom:audio-encoder-webm-vorbis: bf7c407c2cedff20999df2af8eb42d56 -> 
  custom:scripting/monoscript/fileName/GlobalObjectFogControllerEditor.cs: e283156ca16ee4c9ebd0ab6b901d98ea -> ecabf254299c2d861caf49b34a9951c4
========================================================================
Received Import Request.
  Time since last request: 454.685098 seconds.
  path: Assets/src/AudioMixer.mixer
  artifactKey: Guid(619ae7f780ceb4737876b81ec570e074) Importer(815301076,1909f56bfc062723c751e8b465ee728b)
Start importing Assets/src/AudioMixer.mixer using Guid(619ae7f780ceb4737876b81ec570e074) Importer(815301076,1909f56bfc062723c751e8b465ee728b) Refreshing native plugins compatible for Editor in 1.01 ms, found 2 plugins.
Preloading 0 native plugins for Editor in 0.00 ms.
 -> (artifact id: '7c4e7757eab083081c8c11a13b8373be') in 0.079959 seconds
Number of updated asset objects reloaded before import = 0
Number of asset objects unloaded after import = 4
========================================================================
Received Prepare
Begin MonoManager ReloadAssembly
Thread 0x16bbcb000 may have been prematurely finalized
- Loaded All Assemblies, in  0.723 seconds
Refreshing native plugins compatible for Editor in 0.68 ms, found 2 plugins.
Native extension for OSXStandalone target not found
Native extension for WebGL target not found
[Package Manager] Server::EnsureServerProcessIsRunning -- launch failed, reason: Unity was launched with the -noUpm command-line argument
[Package Manager] UpmClient::Send -- Unable to send message (not connected to UPM process).
[Package Manager] Cannot connect to Unity Package Manager local server
Mono: successfully reloaded assembly
- Finished resetting the current domain, in  0.915 seconds
Domain Reload Profiling: 1640ms
	BeginReloadAssembly (256ms)
		ExecutionOrderSort (0ms)
		DisableScriptedObjects (5ms)
		BackupInstance (0ms)
		ReleaseScriptingObjects (1ms)
		CreateAndSetChildDomain (108ms)
	RebuildCommonClasses (21ms)
	RebuildNativeTypeToScriptingClass (8ms)
	initialDomainReloadingComplete (14ms)
	LoadAllAssembliesAndSetupDomain (427ms)
		LoadAssemblies (480ms)
		RebuildTransferFunctionScriptingTraits (0ms)
		AnalyzeDomain (48ms)
			TypeCache.Refresh (16ms)
				TypeCache.ScanAssembly (1ms)
			ScanForSourceGeneratedMonoScriptInfo (22ms)
			ResolveRequiredComponents (8ms)
	FinalizeReload (915ms)
		ReleaseScriptCaches (0ms)
		RebuildScriptCaches (0ms)
		SetupLoadedEditorAssemblies (288ms)
			LogAssemblyErrors (0ms)
			InitializePlatformSupportModulesInManaged (3ms)
			SetLoadedEditorAssemblies (2ms)
			RefreshPlugins (0ms)
			BeforeProcessingInitializeOnLoad (38ms)
			ProcessInitializeOnLoadAttributes (212ms)
			ProcessInitializeOnLoadMethodAttributes (32ms)
			AfterProcessingInitializeOnLoad (1ms)
			EditorAssembliesLoaded (0ms)
		ExecutionOrderSort2 (0ms)
		AwakeInstancesAfterBackupRestoration (8ms)
Refreshing native plugins compatible for Editor in 0.80 ms, found 2 plugins.
Preloading 0 native plugins for Editor in 0.00 ms.
Unloading 5432 Unused Serialized files (Serialized files now loaded: 0)
Unloading 44 unused Assets / (0.5 MB). Loaded Objects now: 6349.
Memory consumption went from 289.4 MB to 288.9 MB.
Total: 3.369875 ms (FindLiveObjects: 0.260625 ms CreateObjectMapping: 0.111459 ms MarkObjects: 2.759459 ms  DeleteObjects: 0.237959 ms)

Prepare: number of updated asset objects reloaded= 0
AssetImportParameters requested are different than current active one (requested -> active):
  custom:scripting/monoscript/fileName/ButterflySpawnArea.cs: dbd62ecbfbef1a5aa776448a92fe6f55 -> 7a4e85561a386efbc249c80fddf757cf
  custom:container-demuxer-ogg: 62fdf1f143b41e24485cea50d1cbac27 -> 
  custom:scripting/monoscript/fileName/GlobalObjectFogController.cs: 507f00e639c343e234415111f80085a8 -> facbd04e227607875732ae176343c57f
  custom:scripting/monoscript/fileName/HeightFogGUI.cs: 29f94219a62c8b0874bfb721810cfd5b -> aec4e17dd7701bb8d7e929756a4af25f
  custom:video-decoder-ogg-theora: a1e56fd34408186e4bbccfd4996cb3dc -> 
  custom:CustomObjectIndexerAttribute: a3ef5dd2817f97addfee359851a9dba5 -> 
  custom:scripting/monoscript/fileName/Readme.cs: 5aedf578fb2663036982fb7b05aaf325 -> 
  custom:container-demuxer-webm: 4f35f7cbe854078d1ac9338744f61a02 -> 
  custom:scripting/monoscript/fileName/CameraMovement.cs: 468f1deb05c5ceddee007d11aff467b8 -> 64482079f3854ff800450249a0a3172b
  custom:scripting/monoscript/fileName/BushLeafTrigger.cs: e1e4911a9ffdc85a03b6ad2db2dc4fe0 -> 2188b13a7274e71441831392b5326827
  custom:scripting/monoscript/fileName/ObjectFogControllerEditor.cs: b2bd4797a0607e5a934c246ae15459b1 -> 45ef3514a110b3a7b682b9c974e012b5
  custom:container-muxer-webm: aa71ff27fc2769a1b78a27578f13a17b -> 
  custom:scripting/monoscript/fileName/ReadmeEditor.cs: ff7ced1e41c1b99ddf5dfefc88f6bd50 -> 
  custom:video-decoder-webm-vp8: 9c59270c3fd7afecdb556c50c9e8de78 -> 
  custom:SearchIndexIgnoredProperties: e643bd26f0fe6173181afceb89e7c659 -> 
  custom:AudioImporter_EditorPlatform: 3918e3fc78b5a79bad01e8451be0beb8 -> 
  custom:framework-osx-AVFoundation: e770b220cccbd017edd2c1fefb359320 -> 
  custom:video-encoder-webm-vp8: eb34c28f22e8b96e1ab97ce403110664 -> 
  custom:audio-decoder-ogg-vorbis: bf7c407c2cedff20999df2af8eb42d56 -> 
  custom:scripting/monoscript/fileName/VegetationBendControl.cs: 65a869ef1db1c8384fd4f557be6dc1b6 -> bb07f9a25d480396c774961c20736811
  custom:scripting/monoscript/fileName/ObjectFogController.cs: b8d37926cd7f59533260d87831247213 -> 17cb631ed7335d4f970557980ac29b64
  custom:scripting/monoscript/fileName/WindControl.cs: acc6971a7bf6ad2ecac31b2a6cd9b154 -> f6b532fe4cf57c7f97c43e1601d3d227
  custom:scripting/monoscript/fileName/ExitGame.cs: 79b96a4182cb9efac1e81315977a22b8 -> e6a4ab58c698fe436e0bcee349939749
  custom:scripting/monoscript/fileName/ButterflySpawn.cs: d2556907404472bae9d436ec89571854 -> 4b3f63d3369d1d3252fec29e76a21225
  custom:scripting/monoscript/fileName/PlayerMovement.cs: 613e973f553be5859c2181a5d3c22ce5 -> f5dc59970968a639278b4df2ad95ce8d
  custom:scripting/monoscript/fileName/HeightFogGUI-LWRP.cs: 7308e6993e1378bd35a22c5df63e4f7b -> 54445ea16eb6fe57cc167f3c87d81279
  custom:audio-encoder-webm-vorbis: bf7c407c2cedff20999df2af8eb42d56 -> 
  custom:scripting/monoscript/fileName/GlobalObjectFogControllerEditor.cs: e283156ca16ee4c9ebd0ab6b901d98ea -> ecabf254299c2d861caf49b34a9951c4
